"../../../../../../Users/ruari/Documents/GitHub/ReviveTheHiveRevisited/Content/FirstPerson/Character/Mesh/SK_Mannequin_Arms_Skeleton.uasset" 0
"../../../../../../Users/ruari/Documents/GitHub/ReviveTheHiveRevisited/Content/FirstPerson/Animations/FirstPerson_Idle.uasset" 1
"../../../../../../Users/ruari/Documents/GitHub/ReviveTheHiveRevisited/Content/FirstPerson/Animations/FirstPerson_JumpEnd.uasset" 2
"../../../../../../Users/ruari/Documents/GitHub/ReviveTheHiveRevisited/Content/FirstPerson/Animations/FirstPerson_JumpLoop.uasset" 3
"../../../../../../Users/ruari/Documents/GitHub/ReviveTheHiveRevisited/Content/FirstPerson/Animations/FirstPerson_JumpStart.uasset" 4
"../../../../../../Users/ruari/Documents/GitHub/ReviveTheHiveRevisited/Content/FirstPerson/Animations/FirstPerson_Run.uasset" 5
"../../../Engine/Content/EditorBlueprintResources/StandardMacros.uasset" 6
"../../../../../../Users/ruari/Documents/GitHub/ReviveTheHiveRevisited/Content/FirstPerson/Animations/FirstPerson_AnimBP.uasset" 7
"../../../../../../Users/ruari/Documents/GitHub/ReviveTheHiveRevisited/Content/FirstPerson/Character/Mesh/FirstPersonAnimBlueprint_Copy.uasset" 8
"../../../../../../Users/ruari/Documents/GitHub/ReviveTheHiveRevisited/Content/FirstPerson/Character/Textures/UE4_LOGO_CARD.uasset" 9
"../../../../../../Users/ruari/Documents/GitHub/ReviveTheHiveRevisited/Content/FirstPerson/FPWeapon/Materials/MaterialLayers/ML_Plastic_Shiny_Beige_LOGO.uasset" 10
"../../../../../../Users/ruari/Documents/GitHub/ReviveTheHiveRevisited/Content/FirstPerson/FPWeapon/Materials/MaterialLayers/T_ML_FineRubber.uasset" 11
"../../../../../../Users/ruari/Documents/GitHub/ReviveTheHiveRevisited/Content/FirstPerson/FPWeapon/Mesh/SK_FPGun_PhysicsAsset.uasset" 12
"../../../../../../Users/ruari/Documents/GitHub/ReviveTheHiveRevisited/Content/FirstPerson/Meshes/BaseMaterial.uasset" 13
"../../../../../../Users/ruari/Documents/GitHub/ReviveTheHiveRevisited/Content/FirstPerson/Meshes/CubeMaterialOverride.uasset" 14
"../../../../../../Users/ruari/Documents/GitHub/ReviveTheHiveRevisited/Content/FirstPersonBP/FirstPersonOverview.uasset" 15
"../../../../../../Users/ruari/Documents/GitHub/ReviveTheHiveRevisited/Content/FirstPerson/Animations/FirstPerson_Fire.uasset" 16
"../../../../../../Users/ruari/Documents/GitHub/ReviveTheHiveRevisited/Content/FirstPerson/Animations/FirstPersonFire_Montage.uasset" 17
"../../../../../../Users/ruari/Documents/GitHub/ReviveTheHiveRevisited/Content/FirstPerson/Meshes/FirstPersonProjectileMaterial.uasset" 18
"../../../../../../Users/ruari/Documents/GitHub/ReviveTheHiveRevisited/Content/FirstPerson/Meshes/FirstPersonProjectileMesh.uasset" 19
"../../../../../../Users/ruari/Documents/GitHub/ReviveTheHiveRevisited/Content/FirstPersonBP/Blueprints/FirstPersonProjectile.uasset" 20
"../../../../../../Users/ruari/Documents/GitHub/ReviveTheHiveRevisited/Content/GlobalGameJam/Blueprints/Interaction/Interaction_Interface.uasset" 21
"../../../../../../Users/ruari/Documents/GitHub/ReviveTheHiveRevisited/Content/FirstPerson/Audio/FirstPersonTemplateWeaponFire02.uasset" 22
"../../../../../../Users/ruari/Documents/GitHub/ReviveTheHiveRevisited/Content/FirstPersonBP/Blueprints/FirstPersonCharacter.uasset" 23
"../../../../../../Users/ruari/Documents/GitHub/ReviveTheHiveRevisited/Content/FirstPerson/Textures/FirstPersonCrosshair.uasset" 24
"../../../../../../Users/ruari/Documents/GitHub/ReviveTheHiveRevisited/Content/FirstPersonBP/Blueprints/FirstPersonHUD.uasset" 25
"../../../../../../Users/ruari/Documents/GitHub/ReviveTheHiveRevisited/Content/FirstPersonBP/Blueprints/FirstPersonGameMode.uasset" 26
"../../../../../../Users/ruari/Documents/GitHub/ReviveTheHiveRevisited/Content/Geometry/Meshes/CubeMaterial.uasset" 27
"../../../../../../Users/ruari/Documents/GitHub/ReviveTheHiveRevisited/Content/Geometry/Meshes/1M_Cube_Chamfer.uasset" 28
"../../../../../../Users/ruari/Documents/GitHub/ReviveTheHiveRevisited/Content/Geometry/Meshes/TemplateFloor.uasset" 29
"../../../../../../Users/ruari/Documents/GitHub/ReviveTheHiveRevisited/Content/GlobalGameJam/Assets/lambert1.uasset" 30
"../../../../../../Users/ruari/Documents/GitHub/ReviveTheHiveRevisited/Content/GlobalGameJam/Assets/BottomOfDoor_PhysicsAsset.uasset" 31
"../../../../../../Users/ruari/Documents/GitHub/ReviveTheHiveRevisited/Content/GlobalGameJam/Assets/BottomOfDoor_Skeleton.uasset" 32
"../../../../../../Users/ruari/Documents/GitHub/ReviveTheHiveRevisited/Content/GlobalGameJam/Assets/BottomOfDoor.uasset" 33
"../../../../../../Users/ruari/Documents/GitHub/ReviveTheHiveRevisited/Content/GlobalGameJam/Assets/CentreOfDoor_PhysicsAsset.uasset" 34
"../../../../../../Users/ruari/Documents/GitHub/ReviveTheHiveRevisited/Content/GlobalGameJam/Assets/CentreOfDoor_Skeleton.uasset" 35
"../../../../../../Users/ruari/Documents/GitHub/ReviveTheHiveRevisited/Content/GlobalGameJam/Assets/CentreOfDoor.uasset" 36
"../../../../../../Users/ruari/Documents/GitHub/ReviveTheHiveRevisited/Content/GlobalGameJam/Assets/Cockpit.uasset" 37
"../../../../../../Users/ruari/Documents/GitHub/ReviveTheHiveRevisited/Content/GlobalGameJam/Assets/CockpitGlass.uasset" 38
"../../../../../../Users/ruari/Documents/GitHub/ReviveTheHiveRevisited/Content/GlobalGameJam/Assets/CockpitSideControls.uasset" 39
"../../../../../../Users/ruari/Documents/GitHub/ReviveTheHiveRevisited/Content/GlobalGameJam/Assets/CockpitThrustersControls.uasset" 40
"../../../../../../Users/ruari/Documents/GitHub/ReviveTheHiveRevisited/Content/GlobalGameJam/Assets/CockpitWires.uasset" 41
"../../../../../../Users/ruari/Documents/GitHub/ReviveTheHiveRevisited/Content/GlobalGameJam/Assets/Consoles.uasset" 42
"../../../../../../Users/ruari/Documents/GitHub/ReviveTheHiveRevisited/Content/GlobalGameJam/Assets/lambert3.uasset" 43
"../../../../../../Users/ruari/Documents/GitHub/ReviveTheHiveRevisited/Content/GlobalGameJam/Assets/Engines_Engine2.uasset" 44
"../../../../../../Users/ruari/Documents/GitHub/ReviveTheHiveRevisited/Content/GlobalGameJam/Assets/RoundPlanet_Planet1.uasset" 45
"../../../../../../Users/ruari/Documents/GitHub/ReviveTheHiveRevisited/Content/GlobalGameJam/Assets/SaturnLikePlanet_pTorus2.uasset" 46
"../../../../../../Users/ruari/Documents/GitHub/ReviveTheHiveRevisited/Content/GlobalGameJam/Assets/Screen_pCube2.uasset" 47
"../../../../../../Users/ruari/Documents/GitHub/ReviveTheHiveRevisited/Content/GlobalGameJam/Assets/ShipMesh_polySurface1397.uasset" 48
"../../../../../../Users/ruari/Documents/GitHub/ReviveTheHiveRevisited/Content/GlobalGameJam/Assets/SteeringWheel_polySurface1376.uasset" 49
"../../../../../../Users/ruari/Documents/GitHub/ReviveTheHiveRevisited/Content/GlobalGameJam/Assets/TopOfDoor_PhysicsAsset.uasset" 50
"../../../../../../Users/ruari/Documents/GitHub/ReviveTheHiveRevisited/Content/GlobalGameJam/Assets/TopOfDoor_Skeleton.uasset" 51
"../../../../../../Users/ruari/Documents/GitHub/ReviveTheHiveRevisited/Content/GlobalGameJam/Assets/TopOfDoor.uasset" 52
"../../../../../../Users/ruari/Documents/GitHub/ReviveTheHiveRevisited/Content/GlobalGameJam/Euan_Import/Emissive.uasset" 53
"../../../../../../Users/ruari/Documents/GitHub/ReviveTheHiveRevisited/Content/GlobalGameJam/Euan_Import/E_Blue.uasset" 54
"../../../../../../Users/ruari/Documents/GitHub/ReviveTheHiveRevisited/Content/GlobalGameJam/Audio/Laser_shot.uasset" 55
"../../../Engine/Content/Functions/Engine_MaterialFunctions01/Gradient/RadialGradient.uasset" 56
"../../../../../../Users/ruari/Documents/GitHub/ReviveTheHiveRevisited/Content/StarterContent/Particles/Materials/M_Radial_Gradient.uasset" 57
"../../../../../../Users/ruari/Documents/GitHub/ReviveTheHiveRevisited/Content/StarterContent/Textures/T_Smoke_SubUV.uasset" 58
"../../../../../../Users/ruari/Documents/GitHub/ReviveTheHiveRevisited/Content/StarterContent/Textures/T_Smoke_Tiled_D.uasset" 59
"../../../../../../Users/ruari/Documents/GitHub/ReviveTheHiveRevisited/Content/StarterContent/Particles/Materials/M_smoke_subUV.uasset" 60
"../../../../../../Users/ruari/Documents/GitHub/ReviveTheHiveRevisited/Content/StarterContent/Textures/T_Spark_Core.uasset" 61
"../../../../../../Users/ruari/Documents/GitHub/ReviveTheHiveRevisited/Content/StarterContent/Particles/Materials/M_Spark.uasset" 62
"../../../../../../Users/ruari/Documents/GitHub/ReviveTheHiveRevisited/Content/StarterContent/Particles/P_Sparks.uasset" 63
"../../../../../../Users/ruari/Documents/GitHub/ReviveTheHiveRevisited/Content/StarterContent/Materials/M_Basic_Wall.uasset" 64
"../../../../../../Users/ruari/Documents/GitHub/ReviveTheHiveRevisited/Content/StarterContent/Shapes/Shape_NarrowCapsule.uasset" 65
"../../../../../../Users/ruari/Documents/GitHub/ReviveTheHiveRevisited/Content/GlobalGameJam/Euan_Import/Projectile.uasset" 66
"../../../../../../Users/ruari/Documents/GitHub/ReviveTheHiveRevisited/Content/GlobalGameJam/Widget/AlarmUI/Cockpit.uasset" 67
"../../../../../../Users/ruari/Documents/GitHub/ReviveTheHiveRevisited/Content/GlobalGameJam/Widget/AlarmUI/ElectricalRoom.uasset" 68
"../../../../../../Users/ruari/Documents/GitHub/ReviveTheHiveRevisited/Content/GlobalGameJam/Widget/AlarmUI/FuelRoom.uasset" 69
"../../../../../../Users/ruari/Documents/GitHub/ReviveTheHiveRevisited/Content/GlobalGameJam/Widget/AlarmUI/GunRoom.uasset" 70
"../../../../../../Users/ruari/Documents/GitHub/ReviveTheHiveRevisited/Content/GlobalGameJam/Widget/AlarmUI/LeftEngine.uasset" 71
"../../../../../../Users/ruari/Documents/GitHub/ReviveTheHiveRevisited/Content/GlobalGameJam/Widget/AlarmUI/LeftThruster.uasset" 72
"../../../../../../Users/ruari/Documents/GitHub/ReviveTheHiveRevisited/Content/GlobalGameJam/Widget/AlarmUI/NavigationRoom.uasset" 73
"../../../../../../Users/ruari/Documents/GitHub/ReviveTheHiveRevisited/Content/GlobalGameJam/Widget/AlarmUI/OperationalRoom.uasset" 74
"../../../../../../Users/ruari/Documents/GitHub/ReviveTheHiveRevisited/Content/GlobalGameJam/Widget/AlarmUI/OxygenRoom.uasset" 75
"../../../../../../Users/ruari/Documents/GitHub/ReviveTheHiveRevisited/Content/GlobalGameJam/Widget/AlarmUI/PressureRoom.uasset" 76
"../../../../../../Users/ruari/Documents/GitHub/ReviveTheHiveRevisited/Content/GlobalGameJam/Widget/AlarmUI/RightEngine.uasset" 77
"../../../../../../Users/ruari/Documents/GitHub/ReviveTheHiveRevisited/Content/GlobalGameJam/Widget/AlarmUI/RightThruster.uasset" 78
"../../../../../../Users/ruari/Documents/GitHub/ReviveTheHiveRevisited/Content/GlobalGameJam/Widget/AlarmUI/ShieldRoom.uasset" 79
"../../../../../../Users/ruari/Documents/GitHub/ReviveTheHiveRevisited/Content/GlobalGameJam/Widget/Level-1.uasset" 80
"../../../../../../Users/ruari/Documents/GitHub/ReviveTheHiveRevisited/Content/GlobalGameJam/Widget/Level_-1Text.uasset" 81
"../../../../../../Users/ruari/Documents/GitHub/ReviveTheHiveRevisited/Content/GlobalGameJam/Widget/Level_0.uasset" 82
"../../../../../../Users/ruari/Documents/GitHub/ReviveTheHiveRevisited/Content/GlobalGameJam/Widget/Level_0Text.uasset" 83
"../../../../../../Users/ruari/Documents/GitHub/ReviveTheHiveRevisited/Content/GlobalGameJam/Widget/Level_1.uasset" 84
"../../../../../../Users/ruari/Documents/GitHub/ReviveTheHiveRevisited/Content/GlobalGameJam/Widget/Level_1Text.uasset" 85
"../../../../../../Users/ruari/Documents/GitHub/ReviveTheHiveRevisited/Content/GlobalGameJam/Widget/w.uasset" 86
"../../../../../../Users/ruari/Documents/GitHub/ReviveTheHiveRevisited/Content/GlobalGameJam/Widget/ExpandMenu.uasset" 87
"../../../../../../Users/ruari/Documents/GitHub/ReviveTheHiveRevisited/Content/GlobalGameJam/Widget/MenuWidgetActor.uasset" 88
"../../../../../../Users/ruari/Documents/GitHub/ReviveTheHiveRevisited/Content/Geometry/Meshes/1M_Cube.uasset" 89
"../../../../../../Users/ruari/Documents/GitHub/ReviveTheHiveRevisited/Content/GlobalGameJam/Assets/FlyingCockpitTest.uasset" 90
"../../../../../../Users/ruari/Documents/GitHub/ReviveTheHiveRevisited/Content/GlobalGameJam/Euan_Import/ShipPawn3.uasset" 91
"../../../../../../Users/ruari/Documents/GitHub/ReviveTheHiveRevisited/Content/GlobalGameJam/Blueprints/BP_GameMode.uasset" 92
"../../../../../../Users/ruari/Documents/GitHub/ReviveTheHiveRevisited/Content/GlobalGameJam/Blueprints/Actors/Door_BP.uasset" 93
"../../../../../../Users/ruari/Documents/GitHub/ReviveTheHiveRevisited/Content/GlobalGameJam/Euan_Import/HealthBar.uasset" 94
"../../../../../../Users/ruari/Documents/GitHub/ReviveTheHiveRevisited/Content/GlobalGameJam/Audio/Runningmind_-_explosion-asteroid.uasset" 95
"../../../../../../Users/ruari/Documents/GitHub/ReviveTheHiveRevisited/Content/GlobalGameJam/Textures/Asteroids/1/lambert1.uasset" 96
"../../../../../../Users/ruari/Documents/GitHub/ReviveTheHiveRevisited/Content/GlobalGameJam/Textures/Asteroids/1/Asteroid1.uasset" 97
"../../../../../../Users/ruari/Documents/GitHub/ReviveTheHiveRevisited/Content/GlobalGameJam/Textures/Asteroids/2/lambert1.uasset" 98
"../../../../../../Users/ruari/Documents/GitHub/ReviveTheHiveRevisited/Content/GlobalGameJam/Textures/Asteroids/2/Asteroid2.uasset" 99
"../../../../../../Users/ruari/Documents/GitHub/ReviveTheHiveRevisited/Content/GlobalGameJam/Textures/Asteroids/3/lambert1.uasset" 100
"../../../../../../Users/ruari/Documents/GitHub/ReviveTheHiveRevisited/Content/GlobalGameJam/Textures/Asteroids/3/Asteroid3.uasset" 101
"../../../../../../Users/ruari/Documents/GitHub/ReviveTheHiveRevisited/Content/GlobalGameJam/Textures/Asteroids/4/lambert1.uasset" 102
"../../../../../../Users/ruari/Documents/GitHub/ReviveTheHiveRevisited/Content/GlobalGameJam/Textures/Asteroids/4/Asteroid4.uasset" 103
"../../../../../../Users/ruari/Documents/GitHub/ReviveTheHiveRevisited/Content/GlobalGameJam/Textures/Asteroids/5/lambert1.uasset" 104
"../../../../../../Users/ruari/Documents/GitHub/ReviveTheHiveRevisited/Content/GlobalGameJam/Textures/Asteroids/5/Asteroid5.uasset" 105
"../../../../../../Users/ruari/Documents/GitHub/ReviveTheHiveRevisited/Content/GlobalGameJam/Euan_Import/Asteroid_BP.uasset" 106
"../../../../../../Users/ruari/Documents/GitHub/ReviveTheHiveRevisited/Content/GlobalGameJam/Blueprints/Actors/SpawnableAsteroid_BP.uasset" 107
"../../../../../../Users/ruari/Documents/GitHub/ReviveTheHiveRevisited/Content/GlobalGameJam/Blueprints/MainMenu/ReviveTheHive.uasset" 108
"../../../../../../Users/ruari/Documents/GitHub/ReviveTheHiveRevisited/Content/GlobalGameJam/Euan_Import/AsteriodMovement.uasset" 109
"../../../../../../Users/ruari/Documents/GitHub/ReviveTheHiveRevisited/Content/GlobalGameJam/Euan_Import/FirstPersonProjectile.uasset" 110
"../../../../../../Users/ruari/Documents/GitHub/ReviveTheHiveRevisited/Content/GlobalGameJam/Euan_Import/FlyingPawn.uasset" 111
"../../../../../../Users/ruari/Documents/GitHub/ReviveTheHiveRevisited/Content/GlobalGameJam/Euan_Import/Oxygen.uasset" 112
"../../../../../../Users/ruari/Documents/GitHub/ReviveTheHiveRevisited/Content/GlobalGameJam/Euan_Import/RoundPlanet__1_.uasset" 113
"../../../../../../Users/ruari/Documents/GitHub/ReviveTheHiveRevisited/Content/GlobalGameJam/Euan_Import/SaturnLikePlanet__1_.uasset" 114
"../../../../../../Users/ruari/Documents/GitHub/ReviveTheHiveRevisited/Content/GlobalGameJam/Prefabs/lambert1.uasset" 115
"../../../../../../Users/ruari/Documents/GitHub/ReviveTheHiveRevisited/Content/GlobalGameJam/Prefabs/Cockpit.uasset" 116
"../../../../../../Users/ruari/Documents/GitHub/ReviveTheHiveRevisited/Content/GlobalGameJam/Prefabs/CrossTile.uasset" 117
"../../../../../../Users/ruari/Documents/GitHub/ReviveTheHiveRevisited/Content/GlobalGameJam/Prefabs/FullTurnHallway.uasset" 118
"../../../../../../Users/ruari/Documents/GitHub/ReviveTheHiveRevisited/Content/GlobalGameJam/Prefabs/HalfTurnHallway.uasset" 119
"../../../../../../Users/ruari/Documents/GitHub/ReviveTheHiveRevisited/Content/GlobalGameJam/Prefabs/HallwayTile.uasset" 120
"../../../../../../Users/ruari/Documents/GitHub/ReviveTheHiveRevisited/Content/GlobalGameJam/Prefabs/Room.uasset" 121
"../../../../../../Users/ruari/Documents/GitHub/ReviveTheHiveRevisited/Content/GlobalGameJam/Prefabs/Ship.uasset" 122
"../../../../../../Users/ruari/Documents/GitHub/ReviveTheHiveRevisited/Content/GlobalGameJam/Prefabs/ShipExtrudedTest.uasset" 123
"../../../../../../Users/ruari/Documents/GitHub/ReviveTheHiveRevisited/Content/GlobalGameJam/Prefabs/Modular/45Corner/e/Ceiling.uasset" 124
"../../../../../../Users/ruari/Documents/GitHub/ReviveTheHiveRevisited/Content/GlobalGameJam/Prefabs/Modular/45Corner/Ceiling.uasset" 125
"../../../../../../Users/ruari/Documents/GitHub/ReviveTheHiveRevisited/Content/GlobalGameJam/Prefabs/Modular/90Corner/lambert1.uasset" 126
"../../../../../../Users/ruari/Documents/GitHub/ReviveTheHiveRevisited/Content/GlobalGameJam/Prefabs/Modular/90Corner/Ceiling.uasset" 127
"../../../../../../Users/ruari/Documents/GitHub/ReviveTheHiveRevisited/Content/GlobalGameJam/Prefabs/Modular/90Corner/Floor.uasset" 128
"../../../../../../Users/ruari/Documents/GitHub/ReviveTheHiveRevisited/Content/GlobalGameJam/Prefabs/Modular/90Corner/InnerWall.uasset" 129
"../../../../../../Users/ruari/Documents/GitHub/ReviveTheHiveRevisited/Content/GlobalGameJam/Prefabs/Modular/90Corner/Midwall.uasset" 130
"../../../../../../Users/ruari/Documents/GitHub/ReviveTheHiveRevisited/Content/GlobalGameJam/Prefabs/Modular/90Corner/OuterWallFinish.uasset" 131
"../../../../../../Users/ruari/Documents/GitHub/ReviveTheHiveRevisited/Content/GlobalGameJam/Prefabs/Modular/90Corner/OuterWallMid.uasset" 132
"../../../../../../Users/ruari/Documents/GitHub/ReviveTheHiveRevisited/Content/GlobalGameJam/Prefabs/Modular/90Corner/OuterWallStart.uasset" 133
"../../../../../../Users/ruari/Documents/GitHub/ReviveTheHiveRevisited/Content/GlobalGameJam/Prefabs/Modular/Ceiling/lambert1.uasset" 134
"../../../../../../Users/ruari/Documents/GitHub/ReviveTheHiveRevisited/Content/GlobalGameJam/Prefabs/Modular/Ceiling/CeilingVar2.uasset" 135
"../../../../../../Users/ruari/Documents/GitHub/ReviveTheHiveRevisited/Content/GlobalGameJam/Prefabs/Modular/Ceiling/CeilingVar3.uasset" 136
"../../../../../../Users/ruari/Documents/GitHub/ReviveTheHiveRevisited/Content/GlobalGameJam/Prefabs/Modular/Corners/lambert1.uasset" 137
"../../../../../../Users/ruari/Documents/GitHub/ReviveTheHiveRevisited/Content/GlobalGameJam/Prefabs/Modular/Corners/Corner1.uasset" 138
"../../../../../../Users/ruari/Documents/GitHub/ReviveTheHiveRevisited/Content/GlobalGameJam/Prefabs/Modular/Corners/Corner2.uasset" 139
"../../../../../../Users/ruari/Documents/GitHub/ReviveTheHiveRevisited/Content/GlobalGameJam/Prefabs/Modular/Corners/Corner3.uasset" 140
"../../../../../../Users/ruari/Documents/GitHub/ReviveTheHiveRevisited/Content/GlobalGameJam/Prefabs/Modular/Corners/Corner4.uasset" 141
"../../../../../../Users/ruari/Documents/GitHub/ReviveTheHiveRevisited/Content/GlobalGameJam/Prefabs/Modular/Corners/Corner5.uasset" 142
"../../../../../../Users/ruari/Documents/GitHub/ReviveTheHiveRevisited/Content/GlobalGameJam/Prefabs/Modular/Corners/Corner6.uasset" 143
"../../../../../../Users/ruari/Documents/GitHub/ReviveTheHiveRevisited/Content/GlobalGameJam/Prefabs/Modular/Door/lambert1.uasset" 144
"../../../../../../Users/ruari/Documents/GitHub/ReviveTheHiveRevisited/Content/GlobalGameJam/Prefabs/Modular/Door/BottomDoor.uasset" 145
"../../../../../../Users/ruari/Documents/GitHub/ReviveTheHiveRevisited/Content/GlobalGameJam/Prefabs/Modular/Door/BottomGear.uasset" 146
"../../../../../../Users/ruari/Documents/GitHub/ReviveTheHiveRevisited/Content/GlobalGameJam/Prefabs/Modular/Door/TopDoor.uasset" 147
"../../../../../../Users/ruari/Documents/GitHub/ReviveTheHiveRevisited/Content/GlobalGameJam/Prefabs/Modular/Door/TopGear.uasset" 148
"../../../../../../Users/ruari/Documents/GitHub/ReviveTheHiveRevisited/Content/GlobalGameJam/Prefabs/Modular/Extras/lambert1.uasset" 149
"../../../../../../Users/ruari/Documents/GitHub/ReviveTheHiveRevisited/Content/GlobalGameJam/Prefabs/Modular/Extras/Extra1.uasset" 150
"../../../../../../Users/ruari/Documents/GitHub/ReviveTheHiveRevisited/Content/GlobalGameJam/Prefabs/Modular/Extras/Extra2.uasset" 151
"../../../../../../Users/ruari/Documents/GitHub/ReviveTheHiveRevisited/Content/GlobalGameJam/Prefabs/Modular/Extras/Extra3.uasset" 152
"../../../../../../Users/ruari/Documents/GitHub/ReviveTheHiveRevisited/Content/GlobalGameJam/Prefabs/Modular/Extras/Extra4.uasset" 153
"../../../../../../Users/ruari/Documents/GitHub/ReviveTheHiveRevisited/Content/GlobalGameJam/Prefabs/Modular/Extras/Extra5.uasset" 154
"../../../../../../Users/ruari/Documents/GitHub/ReviveTheHiveRevisited/Content/GlobalGameJam/Prefabs/Modular/Midwalls/lambert1.uasset" 155
"../../../../../../Users/ruari/Documents/GitHub/ReviveTheHiveRevisited/Content/GlobalGameJam/Prefabs/Modular/Midwalls/LeftMidWall1.uasset" 156
"../../../../../../Users/ruari/Documents/GitHub/ReviveTheHiveRevisited/Content/GlobalGameJam/Prefabs/Modular/Midwalls/LeftMidWall3.uasset" 157
"../../../../../../Users/ruari/Documents/GitHub/ReviveTheHiveRevisited/Content/GlobalGameJam/Prefabs/Modular/Midwalls/LeftMidWall4.uasset" 158
"../../../../../../Users/ruari/Documents/GitHub/ReviveTheHiveRevisited/Content/GlobalGameJam/Prefabs/Modular/Midwalls/RightMidWall3.uasset" 159
"../../../../../../Users/ruari/Documents/GitHub/ReviveTheHiveRevisited/Content/GlobalGameJam/Prefabs/Modular/Midwalls/RightMidWall4.uasset" 160
"../../../../../../Users/ruari/Documents/GitHub/ReviveTheHiveRevisited/Content/GlobalGameJam/Prefabs/Modular/Objects/lambert1.uasset" 161
"../../../../../../Users/ruari/Documents/GitHub/ReviveTheHiveRevisited/Content/GlobalGameJam/Prefabs/Modular/Objects/HallwayCablesRight.uasset" 162
"../../../../../../Users/ruari/Documents/GitHub/ReviveTheHiveRevisited/Content/GlobalGameJam/Prefabs/Modular/Objects/HalwayObjVar1Right.uasset" 163
"../../../../../../Users/ruari/Documents/GitHub/ReviveTheHiveRevisited/Content/GlobalGameJam/Prefabs/Modular/Objects/LeftWindowFrame.uasset" 164
"../../../../../../Users/ruari/Documents/GitHub/ReviveTheHiveRevisited/Content/GlobalGameJam/Prefabs/Modular/Objects/LeftWindowGlass.uasset" 165
"../../../../../../Users/ruari/Documents/GitHub/ReviveTheHiveRevisited/Content/GlobalGameJam/Prefabs/Modular/Objects/RightWindowFrame.uasset" 166
"../../../../../../Users/ruari/Documents/GitHub/ReviveTheHiveRevisited/Content/GlobalGameJam/Prefabs/Modular/Objects/RightWindowGlass.uasset" 167
"../../../../../../Users/ruari/Documents/GitHub/ReviveTheHiveRevisited/Content/GlobalGameJam/Prefabs/Modular/Objects/WallObject4Left.uasset" 168
"../../../../../../Users/ruari/Documents/GitHub/ReviveTheHiveRevisited/Content/GlobalGameJam/Prefabs/Modular/RoomWalls/lambert1.uasset" 169
"../../../../../../Users/ruari/Documents/GitHub/ReviveTheHiveRevisited/Content/GlobalGameJam/Prefabs/Modular/RoomWalls/Cable.uasset" 170
"../../../../../../Users/ruari/Documents/GitHub/ReviveTheHiveRevisited/Content/GlobalGameJam/Prefabs/Modular/RoomWalls/LeftContinuous.uasset" 171
"../../../../../../Users/ruari/Documents/GitHub/ReviveTheHiveRevisited/Content/GlobalGameJam/Prefabs/Modular/RoomWalls/LeftContinuous2.uasset" 172
"../../../../../../Users/ruari/Documents/GitHub/ReviveTheHiveRevisited/Content/GlobalGameJam/Prefabs/Modular/RoomWalls/LeftFinite.uasset" 173
"../../../../../../Users/ruari/Documents/GitHub/ReviveTheHiveRevisited/Content/GlobalGameJam/Prefabs/Modular/RoomWalls/RightContinuous.uasset" 174
"../../../../../../Users/ruari/Documents/GitHub/ReviveTheHiveRevisited/Content/GlobalGameJam/Prefabs/Modular/RoomWalls/RightContinuous2.uasset" 175
"../../../../../../Users/ruari/Documents/GitHub/ReviveTheHiveRevisited/Content/GlobalGameJam/Prefabs/Modular/RoomWalls/RightFinite.uasset" 176
"../../../../../../Users/ruari/Documents/GitHub/ReviveTheHiveRevisited/Content/GlobalGameJam/Prefabs/Modular/Walls/lambert1.uasset" 177
"../../../../../../Users/ruari/Documents/GitHub/ReviveTheHiveRevisited/Content/GlobalGameJam/Prefabs/Modular/Walls/RightVar2.uasset" 178
"../../../../../../Users/ruari/Documents/GitHub/ReviveTheHiveRevisited/Content/GlobalGameJam/Prefabs/Modular/Walls/RightVar3Window.uasset" 179
"../../../../../../Users/ruari/Documents/GitHub/ReviveTheHiveRevisited/Content/GlobalGameJam/Sequences/Energyball1.uasset" 180
"../../../../../../Users/ruari/Documents/GitHub/ReviveTheHiveRevisited/Content/GlobalGameJam/Sequences/ThrusterSeq.uasset" 181
"../../../../../../Users/ruari/Documents/GitHub/ReviveTheHiveRevisited/Content/GlobalGameJam/Textures/ShipMesh_lambert1_BaseColor.uasset" 182
"../../../../../../Users/ruari/Documents/GitHub/ReviveTheHiveRevisited/Content/GlobalGameJam/Textures/ShipMesh_lambert1_Normal.uasset" 183
"../../../../../../Users/ruari/Documents/GitHub/ReviveTheHiveRevisited/Content/GlobalGameJam/Textures/ShipMesh_lambert1_OcclusionRoughnessMetallic.uasset" 184
"../../../../../../Users/ruari/Documents/GitHub/ReviveTheHiveRevisited/Content/GlobalGameJam/Textures/ShipMesh_lambert1_BaseColor_Mat.uasset" 185
"../../../../../../Users/ruari/Documents/GitHub/ReviveTheHiveRevisited/Content/GlobalGameJam/Textures/Asteroids/1/Asteroid1_lambert1_BaseColor.uasset" 186
"../../../../../../Users/ruari/Documents/GitHub/ReviveTheHiveRevisited/Content/GlobalGameJam/Textures/Asteroids/1/Asteroid1_lambert1_Normal.uasset" 187
"../../../../../../Users/ruari/Documents/GitHub/ReviveTheHiveRevisited/Content/GlobalGameJam/Textures/Asteroids/1/Asteroid1_lambert1_OcclusionRoughnessMetallic.uasset" 188
"../../../../../../Users/ruari/Documents/GitHub/ReviveTheHiveRevisited/Content/GlobalGameJam/Textures/Asteroids/2/Asteroid2_lambert1_BaseColor.uasset" 189
"../../../../../../Users/ruari/Documents/GitHub/ReviveTheHiveRevisited/Content/GlobalGameJam/Textures/Asteroids/2/Asteroid2_lambert1_Normal.uasset" 190
"../../../../../../Users/ruari/Documents/GitHub/ReviveTheHiveRevisited/Content/GlobalGameJam/Textures/Asteroids/2/Asteroid2_lambert1_OcclusionRoughnessMetallic.uasset" 191
"../../../../../../Users/ruari/Documents/GitHub/ReviveTheHiveRevisited/Content/GlobalGameJam/Textures/Asteroids/3/Asteroid3_lambert1_BaseColor.uasset" 192
"../../../../../../Users/ruari/Documents/GitHub/ReviveTheHiveRevisited/Content/GlobalGameJam/Textures/Asteroids/3/Asteroid3_lambert1_Normal.uasset" 193
"../../../../../../Users/ruari/Documents/GitHub/ReviveTheHiveRevisited/Content/GlobalGameJam/Textures/Asteroids/3/Asteroid3_lambert1_OcclusionRoughnessMetallic.uasset" 194
"../../../../../../Users/ruari/Documents/GitHub/ReviveTheHiveRevisited/Content/GlobalGameJam/Textures/Asteroids/4/Asteroid4_lambert1_BaseColor.uasset" 195
"../../../../../../Users/ruari/Documents/GitHub/ReviveTheHiveRevisited/Content/GlobalGameJam/Textures/Asteroids/4/Asteroid4_lambert1_Normal.uasset" 196
"../../../../../../Users/ruari/Documents/GitHub/ReviveTheHiveRevisited/Content/GlobalGameJam/Textures/Asteroids/4/Asteroid4_lambert1_OcclusionRoughnessMetallic.uasset" 197
"../../../../../../Users/ruari/Documents/GitHub/ReviveTheHiveRevisited/Content/GlobalGameJam/Textures/Asteroids/5/Asteroid5_lambert1_BaseColor.uasset" 198
"../../../../../../Users/ruari/Documents/GitHub/ReviveTheHiveRevisited/Content/GlobalGameJam/Textures/Asteroids/5/Asteroid5_lambert1_Normal.uasset" 199
"../../../../../../Users/ruari/Documents/GitHub/ReviveTheHiveRevisited/Content/GlobalGameJam/Textures/Asteroids/5/Asteroid5_lambert1_OcclusionRoughnessMetallic.uasset" 200
"../../../../../../Users/ruari/Documents/GitHub/ReviveTheHiveRevisited/Content/GlobalGameJam/Textures/Cockpit/Cockpit_lambert1_BaseColor.uasset" 201
"../../../../../../Users/ruari/Documents/GitHub/ReviveTheHiveRevisited/Content/GlobalGameJam/Textures/Cockpit/Cockpit_lambert1_Normal.uasset" 202
"../../../../../../Users/ruari/Documents/GitHub/ReviveTheHiveRevisited/Content/GlobalGameJam/Textures/Cockpit/Cockpit_lambert1_OcclusionRoughnessMetallic.uasset" 203
"../../../../../../Users/ruari/Documents/GitHub/ReviveTheHiveRevisited/Content/GlobalGameJam/Textures/Cockpit/Cockpit_lambert1_BaseColor_Mat.uasset" 204
"../../../../../../Users/ruari/Documents/GitHub/ReviveTheHiveRevisited/Content/GlobalGameJam/Textures/CockpitWires/CockpitWires_lambert1_BaseColor.uasset" 205
"../../../../../../Users/ruari/Documents/GitHub/ReviveTheHiveRevisited/Content/GlobalGameJam/Textures/CockpitWires/CockpitWires_lambert1_Normal.uasset" 206
"../../../../../../Users/ruari/Documents/GitHub/ReviveTheHiveRevisited/Content/GlobalGameJam/Textures/CockpitWires/CockpitWires_lambert1_OcclusionRoughnessMetallic.uasset" 207
"../../../../../../Users/ruari/Documents/GitHub/ReviveTheHiveRevisited/Content/GlobalGameJam/Textures/EngineWire/EngineRoomWires_lambert1_BaseColor.uasset" 208
"../../../../../../Users/ruari/Documents/GitHub/ReviveTheHiveRevisited/Content/GlobalGameJam/Textures/EngineWire/EngineRoomWires_lambert1_Normal.uasset" 209
"../../../../../../Users/ruari/Documents/GitHub/ReviveTheHiveRevisited/Content/GlobalGameJam/Textures/EngineWire/EngineRoomWires_lambert1_OcclusionRoughnessMetallic.uasset" 210
"../../../../../../Users/ruari/Documents/GitHub/ReviveTheHiveRevisited/Content/GlobalGameJam/Textures/ExtraWire1/ExtraWire1_lambert1_BaseColor.uasset" 211
"../../../../../../Users/ruari/Documents/GitHub/ReviveTheHiveRevisited/Content/GlobalGameJam/Textures/ExtraWire1/ExtraWire1_lambert1_Normal.uasset" 212
"../../../../../../Users/ruari/Documents/GitHub/ReviveTheHiveRevisited/Content/GlobalGameJam/Textures/ExtraWire1/ExtraWire1_lambert1_OcclusionRoughnessMetallic.uasset" 213
"../../../../../../Users/ruari/Documents/GitHub/ReviveTheHiveRevisited/Content/GlobalGameJam/Textures/ExtraWire2/ExtraWire2_lambert1_BaseColor.uasset" 214
"../../../../../../Users/ruari/Documents/GitHub/ReviveTheHiveRevisited/Content/GlobalGameJam/Textures/ExtraWire2/ExtraWire2_lambert1_Normal.uasset" 215
"../../../../../../Users/ruari/Documents/GitHub/ReviveTheHiveRevisited/Content/GlobalGameJam/Textures/ExtraWire2/ExtraWire2_lambert1_OcclusionRoughnessMetallic.uasset" 216
"../../../../../../Users/ruari/Documents/GitHub/ReviveTheHiveRevisited/Content/GlobalGameJam/Textures/ExtraWire3/ExtraWire3_lambert1_BaseColor.uasset" 217
"../../../../../../Users/ruari/Documents/GitHub/ReviveTheHiveRevisited/Content/GlobalGameJam/Textures/ExtraWire3/ExtraWire3_lambert1_Normal.uasset" 218
"../../../../../../Users/ruari/Documents/GitHub/ReviveTheHiveRevisited/Content/GlobalGameJam/Textures/ExtraWire3/ExtraWire3_lambert1_OcclusionRoughnessMetallic.uasset" 219
"../../../../../../Users/ruari/Documents/GitHub/ReviveTheHiveRevisited/Content/GlobalGameJam/Textures/ExtraWire4/ExtraWire4_lambert1_BaseColor.uasset" 220
"../../../../../../Users/ruari/Documents/GitHub/ReviveTheHiveRevisited/Content/GlobalGameJam/Textures/ExtraWire4/ExtraWire4_lambert1_Normal.uasset" 221
"../../../../../../Users/ruari/Documents/GitHub/ReviveTheHiveRevisited/Content/GlobalGameJam/Textures/ExtraWire4/ExtraWire4_lambert1_OcclusionRoughnessMetallic.uasset" 222
"../../../../../../Users/ruari/Documents/GitHub/ReviveTheHiveRevisited/Content/GlobalGameJam/Textures/ExtraWire5/ExtraWire5_lambert1_BaseColor.uasset" 223
"../../../../../../Users/ruari/Documents/GitHub/ReviveTheHiveRevisited/Content/GlobalGameJam/Textures/ExtraWire5/ExtraWire5_lambert1_Normal.uasset" 224
"../../../../../../Users/ruari/Documents/GitHub/ReviveTheHiveRevisited/Content/GlobalGameJam/Textures/ExtraWire5/ExtraWire5_lambert1_OcclusionRoughnessMetallic.uasset" 225
"../../../../../../Users/ruari/Documents/GitHub/ReviveTheHiveRevisited/Content/GlobalGameJam/Textures/NeonEngines/NeonEngines_lambert1_BaseColor.uasset" 226
"../../../../../../Users/ruari/Documents/GitHub/ReviveTheHiveRevisited/Content/GlobalGameJam/Textures/NeonEngines/NeonEngines_lambert1_Normal.uasset" 227
"../../../../../../Users/ruari/Documents/GitHub/ReviveTheHiveRevisited/Content/GlobalGameJam/Textures/NeonEngines/NeonEngines_lambert1_OcclusionRoughnessMetallic.uasset" 228
"../../../../../../Users/ruari/Documents/GitHub/ReviveTheHiveRevisited/Content/GlobalGameJam/Textures/NeonShield/ShieldNeon_lambert1_BaseColor.uasset" 229
"../../../../../../Users/ruari/Documents/GitHub/ReviveTheHiveRevisited/Content/GlobalGameJam/Textures/NeonShield/ShieldNeon_lambert1_Normal.uasset" 230
"../../../../../../Users/ruari/Documents/GitHub/ReviveTheHiveRevisited/Content/GlobalGameJam/Textures/NeonShield/ShieldNeon_lambert1_OcclusionRoughnessMetallic.uasset" 231
"../../../../../../Users/ruari/Documents/GitHub/ReviveTheHiveRevisited/Content/GlobalGameJam/Textures/NeonShield/ShieldNeon_lambert1_BaseColor_Mat.uasset" 232
"../../../../../../Users/ruari/Documents/GitHub/ReviveTheHiveRevisited/Content/GlobalGameJam/Textures/New_Ship_Textures/ShipMesh_lambert1_BaseColor.uasset" 233
"../../../../../../Users/ruari/Documents/GitHub/ReviveTheHiveRevisited/Content/GlobalGameJam/Textures/New_Ship_Textures/ShipMesh_lambert1_Normal.uasset" 234
"../../../../../../Users/ruari/Documents/GitHub/ReviveTheHiveRevisited/Content/GlobalGameJam/Textures/New_Ship_Textures/ShipMesh_lambert1_OcclusionRoughnessMetallic.uasset" 235
"../../../../../../Users/ruari/Documents/GitHub/ReviveTheHiveRevisited/Content/GlobalGameJam/Textures/ShieldCore/ShieldCore_lambert3_BaseColor.uasset" 236
"../../../../../../Users/ruari/Documents/GitHub/ReviveTheHiveRevisited/Content/GlobalGameJam/Textures/ShieldCore/ShieldCore_lambert3_Normal.uasset" 237
"../../../../../../Users/ruari/Documents/GitHub/ReviveTheHiveRevisited/Content/GlobalGameJam/Textures/ShieldCore/ShieldCore_lambert3_OcclusionRoughnessMetallic.uasset" 238
"../../../../../../Users/ruari/Documents/GitHub/ReviveTheHiveRevisited/Content/GlobalGameJam/Textures/ShieldCore/ShieldCore_lambert3_BaseColor_Mat.uasset" 239
"../../../../../../Users/ruari/Documents/GitHub/ReviveTheHiveRevisited/Content/GlobalGameJam/Textures/ShieldCoreStand/ShieldCoreStand_lambert1_Normal.uasset" 240
"../../../../../../Users/ruari/Documents/GitHub/ReviveTheHiveRevisited/Content/GlobalGameJam/Textures/ShieldCoreStand/ShieldCoreStand_lambert1_OcclusionRoughnessMetallic.uasset" 241
"../../../../../../Users/ruari/Documents/GitHub/ReviveTheHiveRevisited/Content/GlobalGameJam/Textures/WireSystem/WireSystem_lambert1_BaseColor.uasset" 242
"../../../../../../Users/ruari/Documents/GitHub/ReviveTheHiveRevisited/Content/GlobalGameJam/Textures/WireSystem/WireSystem_lambert1_Normal.uasset" 243
"../../../../../../Users/ruari/Documents/GitHub/ReviveTheHiveRevisited/Content/GlobalGameJam/Textures/WireSystem/WireSystem_lambert1_OcclusionRoughnessMetallic.uasset" 244
"../../../../../../Users/ruari/Documents/GitHub/ReviveTheHiveRevisited/Content/GlobalGameJam/Widget/AlarmUI/Level_-1TextAlarm.uasset" 245
"../../../../../../Users/ruari/Documents/GitHub/ReviveTheHiveRevisited/Content/GlobalGameJam/Widget/AlarmUI/Level_0TextAlarm.uasset" 246
"../../../../../../Users/ruari/Documents/GitHub/ReviveTheHiveRevisited/Content/GlobalGameJam/Widget/AlarmUI/Level_1TextAlarm.uasset" 247
"../../../../../../Users/ruari/Documents/GitHub/ReviveTheHiveRevisited/Content/StarterContent/Blueprints/Blueprint_CeilingLight.uasset" 248
"../../../../../../Users/ruari/Documents/GitHub/ReviveTheHiveRevisited/Content/StarterContent/Particles/Materials/M_Burst.uasset" 249
"../../../../../../Users/ruari/Documents/GitHub/ReviveTheHiveRevisited/Content/StarterContent/Particles/Materials/M_explosion_subUV.uasset" 250
"../../../../../../Users/ruari/Documents/GitHub/ReviveTheHiveRevisited/Content/StarterContent/Particles/Materials/m_flare_01.uasset" 251
"../../../../../../Users/ruari/Documents/GitHub/ReviveTheHiveRevisited/Content/StarterContent/Particles/Materials/M_radial_ramp.uasset" 252
"../../../../../../Users/ruari/Documents/GitHub/ReviveTheHiveRevisited/Content/StarterContent/Particles/P_Explosion.uasset" 253
"../../../../../../Users/ruari/Documents/GitHub/ReviveTheHiveRevisited/Content/StarterContent/Blueprints/Blueprint_Effect_Explosion.uasset" 254
"../../../../../../Users/ruari/Documents/GitHub/ReviveTheHiveRevisited/Content/StarterContent/Particles/Materials/M_Fire_SubUV.uasset" 255
"../../../../../../Users/ruari/Documents/GitHub/ReviveTheHiveRevisited/Content/StarterContent/Particles/Materials/M_Heat_Distortion.uasset" 256
"../../../../../../Users/ruari/Documents/GitHub/ReviveTheHiveRevisited/Content/StarterContent/Particles/P_Fire.uasset" 257
"../../../../../../Users/ruari/Documents/GitHub/ReviveTheHiveRevisited/Content/StarterContent/Blueprints/Blueprint_Effect_Fire.uasset" 258
"../../../../../../Users/ruari/Documents/GitHub/ReviveTheHiveRevisited/Content/StarterContent/Particles/P_Smoke.uasset" 259
"../../../../../../Users/ruari/Documents/GitHub/ReviveTheHiveRevisited/Content/StarterContent/Blueprints/Blueprint_Effect_Smoke.uasset" 260
"../../../../../../Users/ruari/Documents/GitHub/ReviveTheHiveRevisited/Content/StarterContent/Blueprints/Blueprint_Effect_Sparks.uasset" 261
"../../../../../../Users/ruari/Documents/GitHub/ReviveTheHiveRevisited/Content/StarterContent/Particles/P_Steam_Lit.uasset" 262
"../../../../../../Users/ruari/Documents/GitHub/ReviveTheHiveRevisited/Content/StarterContent/Blueprints/Blueprint_Effect_Steam.uasset" 263
"../../../../../../Users/ruari/Documents/GitHub/ReviveTheHiveRevisited/Content/StarterContent/Blueprints/Blueprint_WallSconce.uasset" 264
"../../../../../../Users/ruari/Documents/GitHub/ReviveTheHiveRevisited/Content/StarterContent/Blueprints/Assets/FogBrightnessLUT.uasset" 265
"../../../../../../Users/ruari/Documents/GitHub/ReviveTheHiveRevisited/Content/StarterContent/Blueprints/Assets/SunlightColorLUT.uasset" 266
"../../../../../../Users/ruari/Documents/GitHub/ReviveTheHiveRevisited/Content/StarterContent/Blueprints/Assets/M_LightStage_Arrows.uasset" 267
"../../../Engine/Content/MapTemplates/Sky/DaylightAmbientCubemap.uasset" 268
"../../../../../../Users/ruari/Documents/GitHub/ReviveTheHiveRevisited/Content/StarterContent/Blueprints/Assets/M_LightStage_Skybox_Master.uasset" 269
"../../../../../../Users/ruari/Documents/GitHub/ReviveTheHiveRevisited/Content/StarterContent/Blueprints/Assets/M_LightStage_Skybox_Black.uasset" 270
"../../../../../../Users/ruari/Documents/GitHub/ReviveTheHiveRevisited/Content/StarterContent/Blueprints/Assets/M_LightStage_Skybox_HDRI.uasset" 271
"../../../Engine/Content/EditorMaterials/Thumbnails/SkySphereMaterial.uasset" 272
"../../../../../../Users/ruari/Documents/GitHub/ReviveTheHiveRevisited/Content/StarterContent/Blueprints/Assets/Skybox.uasset" 273
"../../../Engine/Content/Functions/Engine_MaterialFunctions01/Opacity/CameraDepthFade.uasset" 274
"../../../Engine/Content/EngineMaterials/T_Default_Material_Grid_M.uasset" 275
"../../../Engine/Content/EngineMaterials/T_Default_Material_Grid_N.uasset" 276
"../../../Engine/Content/EngineMaterials/WorldGridMaterial.uasset" 277
"../../../../../../Users/ruari/Documents/GitHub/ReviveTheHiveRevisited/Content/StarterContent/Blueprints/Assets/SM_Arrows.uasset" 278
"../../../../../../Users/ruari/Documents/GitHub/ReviveTheHiveRevisited/Content/StarterContent/Blueprints/BP_LightStudio.uasset" 279
"../../../../../../Users/ruari/Documents/GitHub/ReviveTheHiveRevisited/Content/StarterContent/Maps/Advanced_Lighting_BuiltData.uasset" 280
"../../../../../../Users/ruari/Documents/GitHub/ReviveTheHiveRevisited/Content/StarterContent/Maps/Minimal_Default_BuiltData.uasset" 281
"../../../../../../Users/ruari/Documents/GitHub/ReviveTheHiveRevisited/Content/StarterContent/Maps/StarterMap_BuiltData.uasset" 282
"../../../../../../Users/ruari/Documents/GitHub/ReviveTheHiveRevisited/Content/StarterContent/Materials/M_Basic_Floor.uasset" 283
"../../../../../../Users/ruari/Documents/GitHub/ReviveTheHiveRevisited/Content/StarterContent/Particles/Materials/M_Dust_Particle.uasset" 284
"../../../../../../Users/ruari/Documents/GitHub/ReviveTheHiveRevisited/Content/StarterContent/Particles/P_Ambient_Dust.uasset" 285
"../../../../../../Users/ruari/Documents/GitHub/ReviveTheHiveRevisited/Content/StarterContent/Shapes/Shape_Cone.uasset" 286
"../../../../../../Users/ruari/Documents/GitHub/ReviveTheHiveRevisited/Content/StarterContent/Shapes/Shape_Cube.uasset" 287
"../../../../../../Users/ruari/Documents/GitHub/ReviveTheHiveRevisited/Content/StarterContent/Shapes/Shape_Cylinder.uasset" 288
"../../../../../../Users/ruari/Documents/GitHub/ReviveTheHiveRevisited/Content/StarterContent/Shapes/Shape_Pipe.uasset" 289
"../../../../../../Users/ruari/Documents/GitHub/ReviveTheHiveRevisited/Content/StarterContent/Shapes/Shape_Pipe_180.uasset" 290
"../../../../../../Users/ruari/Documents/GitHub/ReviveTheHiveRevisited/Content/StarterContent/Shapes/Shape_Pipe_90.uasset" 291
"../../../../../../Users/ruari/Documents/GitHub/ReviveTheHiveRevisited/Content/StarterContent/Shapes/Shape_Plane.uasset" 292
"../../../../../../Users/ruari/Documents/GitHub/ReviveTheHiveRevisited/Content/StarterContent/Shapes/Shape_QuadPyramid.uasset" 293
"../../../../../../Users/ruari/Documents/GitHub/ReviveTheHiveRevisited/Content/StarterContent/Shapes/Shape_Sphere.uasset" 294
"../../../../../../Users/ruari/Documents/GitHub/ReviveTheHiveRevisited/Content/StarterContent/Shapes/Shape_Torus.uasset" 295
"../../../../../../Users/ruari/Documents/GitHub/ReviveTheHiveRevisited/Content/StarterContent/Shapes/Shape_Trim.uasset" 296
"../../../../../../Users/ruari/Documents/GitHub/ReviveTheHiveRevisited/Content/StarterContent/Shapes/Shape_Trim_90_In.uasset" 297
"../../../../../../Users/ruari/Documents/GitHub/ReviveTheHiveRevisited/Content/StarterContent/Shapes/Shape_Trim_90_Out.uasset" 298
"../../../../../../Users/ruari/Documents/GitHub/ReviveTheHiveRevisited/Content/StarterContent/Shapes/Shape_TriPyramid.uasset" 299
"../../../../../../Users/ruari/Documents/GitHub/ReviveTheHiveRevisited/Content/StarterContent/Shapes/Shape_Tube.uasset" 300
"../../../../../../Users/ruari/Documents/GitHub/ReviveTheHiveRevisited/Content/StarterContent/Shapes/Shape_Wedge_A.uasset" 301
"../../../../../../Users/ruari/Documents/GitHub/ReviveTheHiveRevisited/Content/StarterContent/Shapes/Shape_Wedge_B.uasset" 302
"../../../../../../Users/ruari/Documents/GitHub/ReviveTheHiveRevisited/Content/StarterContent/Shapes/Shape_WideCapsule.uasset" 303
"../../../Engine/Content/Animation/DefaultAnimCurveCompressionSettings.uasset" 304
"../../../Engine/Content/ArtTools/RenderToTexture/Meshes/S_1_Unit_Plane.uasset" 305
"../../../Engine/Content/EngineMaterials/DefaultMaterial.uasset" 306
"../../../Engine/Content/BasicShapes/Cone.uasset" 307
"../../../Engine/Content/BasicShapes/Cylinder.uasset" 308
"../../../Engine/Content/BasicShapes/Plane.uasset" 309
"../../../Engine/Content/BasicShapes/Sphere.uasset" 310
"../../../Engine/Content/EditorLandscapeResources/DataLayer.uasset" 311
"../../../Engine/Content/EditorMaterials/GizmoMaterial.uasset" 312
"../../../Engine/Content/EditorMaterials/MAT_Groups_Toggle.uasset" 313
"../../../Engine/Content/EditorMaterials/MAT_Groups_Visibility.uasset" 314
"../../../Engine/Content/EditorMaterials/PreviewShadowIndicator.uasset" 315
"../../../Engine/Content/EditorMaterials/PreviewShadowIndicatorMaterial.uasset" 316
"../../../Engine/Content/EditorMaterials/MatineeGroups/MAT_ColorTrack.uasset" 317
"../../../Engine/Content/EditorMaterials/MatineeGroups/MAT_Groups_Anim.uasset" 318
"../../../Engine/Content/EditorMaterials/MatineeGroups/MAT_Groups_AudioMaster.uasset" 319
"../../../Engine/Content/EditorMaterials/MatineeGroups/MAT_Groups_Director.uasset" 320
"../../../Engine/Content/EditorMaterials/MatineeGroups/MAT_Groups_Event.uasset" 321
"../../../Engine/Content/EditorMaterials/MatineeGroups/MAT_Groups_Fade.uasset" 322
"../../../Engine/Content/EditorMaterials/MatineeGroups/MAT_Groups_Float.uasset" 323
"../../../Engine/Content/EditorMaterials/MatineeGroups/MAT_Groups_Move.uasset" 324
"../../../Engine/Content/EditorMaterials/MatineeGroups/MAT_Groups_Slomo.uasset" 325
"../../../Engine/Content/EditorMaterials/MatineeGroups/MAT_Groups_Sound.uasset" 326
"../../../Engine/Content/EditorMaterials/MatineeGroups/MAT_Groups_Vector.uasset" 327
"../../../Engine/Content/EditorMaterials/ParticleSystems/PSysThumbnail_NoImage.uasset" 328
"../../../Engine/Content/EditorMaterials/ParticleSystems/PSysThumbnail_OOD.uasset" 329
"../../../Engine/Content/EditorMaterials/Camera/CineMat.uasset" 330
"../../../Engine/Content/EditorMaterials/Camera/MI_CineMat_Rig.uasset" 331
"../../../Engine/Content/EditorMeshes/Camera/SM_CraneRig_Arm.uasset" 332
"../../../Engine/Content/EditorMeshes/Camera/SM_CraneRig_Base.uasset" 333
"../../../Engine/Content/EditorMeshes/Camera/SM_CraneRig_Body.uasset" 334
"../../../Engine/Content/EditorMeshes/Camera/SM_CraneRig_Mount.uasset" 335
"../../../Engine/Content/EditorMeshes/Camera/SM_RailRig_Mount.uasset" 336
"../../../Engine/Content/EditorMeshes/Camera/SM_RailRig_Track.uasset" 337
"../../../Engine/Content/EditorResources/BSPVertex.uasset" 338
"../../../Engine/Content/EditorResources/EmptyActor.uasset" 339
"../../../Engine/Content/EditorResources/S_Actor.uasset" 340
"../../../Engine/Content/EditorResources/S_Note.uasset" 341
"../../../Engine/Content/EditorResources/S_Solver.uasset" 342
"../../../Engine/Content/EditorResources/S_Trigger.uasset" 343
"../../../Engine/Content/EditorResources/LightIcons/S_LightError.uasset" 344
"../../../Engine/Content/EditorResources/SequenceRecorder/Countdown.uasset" 345
"../../../Engine/Content/EditorResources/SequenceRecorder/RecordingIndicator.uasset" 346
"../../../Engine/Content/EditorSounds/Notifications/CompileFailed.uasset" 347
"../../../Engine/Content/EditorSounds/Notifications/CompileFailed_Cue.uasset" 348
"../../../Engine/Content/EditorSounds/Notifications/CompileSuccess.uasset" 349
"../../../Engine/Content/EditorSounds/Notifications/CompileStart_Cue.uasset" 350
"../../../Engine/Content/EditorSounds/Notifications/CompileSuccess_Cue.uasset" 351
"../../../Engine/Content/EngineDamageTypes/DmgTypeBP_Environmental.uasset" 352
"../../../Engine/Content/EngineDebugMaterials/HeatmapGradient.uasset" 353
"../../../Engine/Content/EngineDebugMaterials/BoneWeightMaterial.uasset" 354
"../../../Engine/Content/EngineDebugMaterials/ClothMaterial.uasset" 355
"../../../Engine/Content/EngineDebugMaterials/ClothMaterial_WF.uasset" 356
"../../../Engine/Content/EngineDebugMaterials/DebugEditorMaterial.uasset" 357
"../../../Engine/Content/EngineDebugMaterials/DebugMeshMaterial.uasset" 358
"../../../Engine/Content/EngineDebugMaterials/GeomMaterial.uasset" 359
"../../../Engine/Content/EngineDebugMaterials/M_SimpleTranslucent.uasset" 360
"../../../Engine/Content/Functions/Engine_MaterialFunctions02/Utility/CameraDirectionVector.uasset" 361
"../../../Engine/Content/EngineDebugMaterials/VolumeToRender.uasset" 362
"../../../Engine/Content/EngineDebugMaterials/M_VolumeRenderSphereTracePP.uasset" 363
"../../../Engine/Content/EngineDebugMaterials/WireframeMaterial.uasset" 364
"../../../Engine/Content/EngineFonts/Faces/RobotoBold.uasset" 365
"../../../Engine/Content/EngineFonts/Faces/RobotoBoldItalic.uasset" 366
"../../../Engine/Content/EngineFonts/Faces/RobotoItalic.uasset" 367
"../../../Engine/Content/EngineFonts/Faces/RobotoLight.uasset" 368
"../../../Engine/Content/EngineFonts/Faces/RobotoRegular.uasset" 369
"../../../Engine/Content/EngineFonts/Roboto.uasset" 370
"../../../Engine/Content/EngineMaterials/BaseFlattenDiffuseMap.uasset" 371
"../../../Engine/Content/EngineMaterials/BaseFlattenEmissiveMap.uasset" 372
"../../../Engine/Content/EngineMaterials/BaseFlattenGrayscaleMap.uasset" 373
"../../../Engine/Content/EngineMaterials/BaseFlattenNormalMap.uasset" 374
"../../../Engine/Content/EngineMaterials/BaseFlattenMaterial.uasset" 375
"../../../Engine/Content/EngineMaterials/BlueNoise.uasset" 376
"../../../Engine/Content/EngineMaterials/DefaultBloomKernel.uasset" 377
"../../../Engine/Content/EngineMaterials/DefaultBokeh.uasset" 378
"../../../Engine/Content/EngineMaterials/DefaultDiffuse.uasset" 379
"../../../Engine/Content/EngineMaterials/DefaultDeferredDecalMaterial.uasset" 380
"../../../Engine/Content/EngineMaterials/DefaultLightFunctionMaterial.uasset" 381
"../../../Engine/Content/EngineMaterials/DefaultPhysicalMaterial.uasset" 382
"../../../Engine/Content/Functions/Engine_MaterialFunctions02/Utility/BreakOutFloat2Components.uasset" 383
"../../../Engine/Content/EngineMaterials/DefaultPostProcessMaterial.uasset" 384
"../../../Engine/Content/EngineFonts/RobotoDistanceField.uasset" 385
"../../../Engine/Content/EngineMaterials/DefaultTextMaterialOpaque.uasset" 386
"../../../Engine/Content/EngineMaterials/DefaultVirtualTextureMaterial.uasset" 387
"../../../Engine/Content/EngineMaterials/DefaultWhiteGrid.uasset" 388
"../../../Engine/Content/EngineMaterials/EditorBrushMaterial.uasset" 389
"../../../Engine/Content/EngineMaterials/DefaultWhiteGrid_Low.uasset" 390
"../../../Engine/Content/EngineMaterials/EmissiveMeshMaterial.uasset" 391
"../../../Engine/Content/EngineMaterials/Good64x64TilingNoiseHighFreq.uasset" 392
"../../../Engine/Content/EngineMaterials/MiniFont.uasset" 393
"../../../Engine/Content/EngineMaterials/InvalidLightmapSettings.uasset" 394
"../../../Engine/Content/EngineMaterials/M_InvalidLightmapSettings.uasset" 395
"../../../Engine/Content/Functions/Engine_MaterialFunctions02/WorldPositionOffset/CameraOffset.uasset" 396
"../../../Engine/Content/EngineMaterials/PhAT_JointLimitMaterial.uasset" 397
"../../../Engine/Content/EngineMaterials/PreintegratedSkinBRDF.uasset" 398
"../../../Engine/Content/EngineMaterials/RemoveSurfaceMaterial.uasset" 399
"../../../Engine/Content/EngineMaterials/WeightMapPlaceholderTexture.uasset" 400
"../../../Engine/Content/EngineResources/WhiteSquareTexture.uasset" 401
"../../../Engine/Content/EngineMaterials/Widget3DPassThrough.uasset" 402
"../../../Engine/Content/EngineMaterials/Widget3DPassThrough_Masked.uasset" 403
"../../../Engine/Content/EngineMaterials/Widget3DPassThrough_Opaque.uasset" 404
"../../../Engine/Content/EngineMaterials/Widget3DPassThrough_Masked_OneSided.uasset" 405
"../../../Engine/Content/EngineMaterials/Widget3DPassThrough_Opaque_OneSided.uasset" 406
"../../../Engine/Content/EngineMaterials/Widget3DPassThrough_Translucent.uasset" 407
"../../../Engine/Content/EngineMaterials/Widget3DPassThrough_Translucent_OneSided.uasset" 408
"../../../Engine/Content/EngineMeshes/Cube.uasset" 409
"../../../Engine/Content/EngineMeshes/Cylinder.uasset" 410
"../../../Engine/Content/EngineMeshes/Sphere.uasset" 411
"../../../Engine/Content/EngineResources/Black.uasset" 412
"../../../Engine/Content/EngineResources/DefaultTexture.uasset" 413
"../../../Engine/Content/EngineResources/DefaultTextureCube.uasset" 414
"../../../Engine/Content/EngineResources/DefaultVolumeTexture2D.uasset" 415
"../../../Engine/Content/EngineResources/DefaultVolumeTexture.uasset" 416
"../../../Engine/Content/EngineResources/GradientTexture0.uasset" 417
"../../../Engine/Content/EngineSounds/Master.uasset" 418
"../../../Engine/Content/Functions/Engine_MaterialFunctions01/Shading/ConvertFromDiffSpec.uasset" 419
"../../../Engine/Content/Functions/Engine_MaterialFunctions01/Shading/PowerToRoughness.uasset" 420
"../../../Engine/Content/Maps/Templates/Thumbnails/Default.uasset" 421
"../../../Engine/Content/Maps/Templates/Thumbnails/VR-Basic.uasset" 422
"../../../Engine/Content/MobileResources/T_MobileControls_texture.uasset" 423
"../../../Engine/Content/MobileResources/T_MobileMenu2.uasset" 424
"../../../Engine/Content/MobileResources/HUD/AnalogHat.uasset" 425
"../../../Engine/Content/MobileResources/HUD/VirtualJoystick_Background.uasset" 426
"../../../Engine/Content/MobileResources/HUD/VirtualJoystick_Thumb.uasset" 427
"../../../Engine/Content/MobileResources/HUD/DefaultVirtualJoysticks.uasset" 428
"../../../Engine/Content/MobileResources/HUD/LeftVirtualJoystickOnly.uasset" 429
"../../../Engine/Content/MobileResources/HUD/MobileHUDButton1_off.uasset" 430
"../../../Engine/Content/MobileResources/HUD/MobileHUDButton1_on.uasset" 431
"../../../Engine/Content/MobileResources/HUD/MobileHUDButton2_off.uasset" 432
"../../../Engine/Content/MobileResources/HUD/MobileHUDButton2_on.uasset" 433
"../../../Engine/Content/MobileResources/HUD/MobileHUDButton3.uasset" 434
"../../../Engine/Content/MobileResources/HUD/MobileHUDButtonFire.uasset" 435
"../../../Engine/Content/MobileResources/HUD/MobileHUDDirectionPad.uasset" 436
"../../../Engine/Content/MobileResources/HUD/MobileHUDDirectionPad2.uasset" 437
"../../../Engine/Content/MobileResources/HUD/MobileHUDDirectionPad3.uasset" 438
"../../../Engine/Content/MobileResources/HUD/MobileHUDDirectionStick.uasset" 439
"../../../Engine/Content/MobileResources/HUD/T_Castle_ThumbstickInner.uasset" 440
"../../../Engine/Content/MobileResources/HUD/T_Castle_ThumbstickOutter.uasset" 441
"../../../Engine/Content/Tutorial/ContentIntroCurve.uasset" 442
"../../../Engine/Content/Tutorial/Basics/LevelEditorAttract.uasset" 443
"../../../Engine/Content/Tutorial/Basics/TutorialAssets/icon_tab_Levels_40x.uasset" 444
"../../../Engine/Content/Tutorial/Basics/LevelEditorOverview.uasset" 445
"../../../Engine/Content/Tutorial/BlueprintTutorials/TutorialAssets/Blueprint_64x.uasset" 446
"../../../Engine/Content/Tutorial/BlueprintTutorials/BlueprintEditorTutorial.uasset" 447
"../../../Engine/Content/Tutorial/Code/AddingCode.uasset" 448
"../../../Engine/Content/Tutorial/InWorldBlueprintEditing/IWBE_Tutorial.uasset" 449
"../../../Engine/Content/Tutorial/InWorldBlueprintEditing/IWBE_Tutorial_Part2.uasset" 450
"../../../Engine/Content/Tutorial/InWorldBlueprintEditing/IWBE_Tutorial_Part3.uasset" 451
"../../../Engine/Content/Tutorial/SubEditors/StaticMeshEditorTutorial.uasset" 452
"../../../Engine/Content/VREditor/LaserPointer/VR_LaserPower_01.uasset" 453
"../../../Engine/Content/VREditor/TransformGizmo/TransformGizmoMaterial.uasset" 454
"../../../Engine/Content/VREditor/TransformGizmo/TranslucentTransformGizmoMaterial.uasset" 455
"../../../Engine/Content/VREditor/TransformGizmo/BoundingBoxCorner.uasset" 456
"../../../Engine/Content/VREditor/TransformGizmo/BoundingBoxEdge.uasset" 457
"../../../Engine/Content/VREditor/TransformGizmo/PlaneTranslationHandle.uasset" 458
"../../../Engine/Content/VREditor/TransformGizmo/Main.uasset" 459
"../../../Engine/Content/VREditor/TransformGizmo/Xray.uasset" 460
"../../../Engine/Content/VREditor/TransformGizmo/SM_Sequencer_Key.uasset" 461
"../../../Engine/Content/VREditor/TransformGizmo/SM_Sequencer_Node.uasset" 462
"../../Plugins/2D/Paper2D/Content/PlaceholderTextures/DummySpriteTexture.uasset" 463
"../../Plugins/2D/Paper2D/Content/DummySprite.uasset" 464
"../../Plugins/2D/Paper2D/Content/DefaultPaperTerrainMaterial.uasset" 465
"../../Plugins/2D/Paper2D/Content/DummySpriteTexture.uasset" 466
"../../Plugins/2D/Paper2D/Content/DefaultSpriteMaterial.uasset" 467
"../../Plugins/2D/Paper2D/Content/MaskedUnlitSpriteMaterial.uasset" 468
"../../Plugins/2D/Paper2D/Content/OpaqueUnlitSpriteMaterial.uasset" 469
"../../Plugins/Runtime/Oculus/OculusVR/Content/OculusMR_RenderTarget.uasset" 470
"../../../Engine/Content/Functions/Engine_MaterialFunctions02/Utility/BreakOutFloat4Components.uasset" 471
"../../../Engine/Content/Functions/Engine_MaterialFunctions02/Utility/MakeFloat2.uasset" 472
"../../../Engine/Content/Functions/Engine_MaterialFunctions02/Utility/MakeFloat3.uasset" 473
"../../Plugins/Runtime/Oculus/OculusVR/Content/Materials/OculusMR_ChromaKey.uasset" 474
"../../Plugins/Runtime/Oculus/OculusVR/Content/Materials/OculusMR_ChromaKey_Lit.uasset" 475
"../../Plugins/Runtime/Oculus/OculusVR/Content/Materials/OculusMR_OpaqueColoredMaterial.uasset" 476
"../../Plugins/Runtime/Oculus/OculusVR/Content/Materials/OculusMR_WhiteMaterial.uasset" 477
"../../../../../../Users/ruari/Documents/GitHub/ReviveTheHiveRevisited/Content/GlobalGameJam/Blueprints/HowToScreen/HowtoScreen.uasset" 478
"../../../../../../Users/ruari/Documents/GitHub/ReviveTheHiveRevisited/Content/GlobalGameJam/HowTo_Level.umap" 479
"../../../../../../Users/ruari/Documents/GitHub/ReviveTheHiveRevisited/Content/GlobalGameJam/Blueprints/MainMenu/RtH_Menu_BG.uasset" 480
"../../../../../../Users/ruari/Documents/GitHub/ReviveTheHiveRevisited/Content/GlobalGameJam/Blueprints/LoseScreen/LoseScreen.uasset" 481
"../../../../../../Users/ruari/Documents/GitHub/ReviveTheHiveRevisited/Content/GlobalGameJam/Lose_Level.umap" 482
"../../../Engine/Content/Functions/Engine_MaterialFunctions02/Utility/BlendAngleCorrectedNormals.uasset" 483
"../../../Engine/Content/Functions/MaterialLayerFunctions/MatLayerBlend_NormalBlend.uasset" 484
"../../../Engine/Content/Functions/MaterialLayerFunctions/MatLayerBlend_Simple.uasset" 485
"../../../../../../Users/ruari/Documents/GitHub/ReviveTheHiveRevisited/Content/FirstPerson/Character/Materials/MaterialLayers/T_ML_Rubber_Blue_01_D.uasset" 486
"../../../../../../Users/ruari/Documents/GitHub/ReviveTheHiveRevisited/Content/FirstPerson/Character/Materials/MaterialLayers/T_ML_Rubber_Blue_01_N.uasset" 487
"../../../../../../Users/ruari/Documents/GitHub/ReviveTheHiveRevisited/Content/FirstPerson/Character/Materials/MaterialLayers/ML_GlossyBlack_Latex_UE4.uasset" 488
"../../../../../../Users/ruari/Documents/GitHub/ReviveTheHiveRevisited/Content/FirstPerson/Character/Materials/MaterialLayers/ML_Plastic_Shiny_Beige.uasset" 489
"../../../../../../Users/ruari/Documents/GitHub/ReviveTheHiveRevisited/Content/FirstPerson/Character/Materials/MaterialLayers/ML_Plastic_Shiny_Beige_LOGO.uasset" 490
"../../../../../../Users/ruari/Documents/GitHub/ReviveTheHiveRevisited/Content/FirstPerson/Character/Materials/MaterialLayers/T_ML_Aluminum01.uasset" 491
"../../../../../../Users/ruari/Documents/GitHub/ReviveTheHiveRevisited/Content/FirstPerson/Character/Materials/MaterialLayers/T_ML_Aluminum01_N.uasset" 492
"../../../../../../Users/ruari/Documents/GitHub/ReviveTheHiveRevisited/Content/FirstPerson/Character/Materials/MaterialLayers/ML_SoftMetal_UE4.uasset" 493
"../../../../../../Users/ruari/Documents/GitHub/ReviveTheHiveRevisited/Content/FirstPerson/Character/Textures/UE4_Mannequin__normals.uasset" 494
"../../../../../../Users/ruari/Documents/GitHub/ReviveTheHiveRevisited/Content/FirstPerson/Character/Textures/UE4_Mannequin_MAT_MASKA.uasset" 495
"../../../../../../Users/ruari/Documents/GitHub/ReviveTheHiveRevisited/Content/FirstPerson/Character/Materials/M_UE4Man_Body.uasset" 496
"../../../../../../Users/ruari/Documents/GitHub/ReviveTheHiveRevisited/Content/FirstPerson/Character/Mesh/SK_Mannequin_Arms_PhysicsAsset.uasset" 497
"../../../../../../Users/ruari/Documents/GitHub/ReviveTheHiveRevisited/Content/FirstPerson/Character/Mesh/SK_Mannequin_Arms.uasset" 498
"../../../../../../Users/ruari/Documents/GitHub/ReviveTheHiveRevisited/Content/FirstPerson/FPWeapon/Materials/MaterialLayers/T_ML_Rubber_Blue_01_D.uasset" 499
"../../../../../../Users/ruari/Documents/GitHub/ReviveTheHiveRevisited/Content/FirstPerson/FPWeapon/Materials/MaterialLayers/T_ML_Rubber_Blue_01_N.uasset" 500
"../../../../../../Users/ruari/Documents/GitHub/ReviveTheHiveRevisited/Content/FirstPerson/FPWeapon/Materials/MaterialLayers/ML_GlossyBlack_Latex_UE4.uasset" 501
"../../../../../../Users/ruari/Documents/GitHub/ReviveTheHiveRevisited/Content/FirstPerson/FPWeapon/Materials/MaterialLayers/ML_Plastic_Shiny_Beige.uasset" 502
"../../../../../../Users/ruari/Documents/GitHub/ReviveTheHiveRevisited/Content/FirstPerson/FPWeapon/Materials/MaterialLayers/ML_Screen.uasset" 503
"../../../../../../Users/ruari/Documents/GitHub/ReviveTheHiveRevisited/Content/FirstPerson/FPWeapon/Materials/MaterialLayers/T_ML_Aluminum01.uasset" 504
"../../../../../../Users/ruari/Documents/GitHub/ReviveTheHiveRevisited/Content/FirstPerson/FPWeapon/Materials/MaterialLayers/T_ML_Aluminum01_N.uasset" 505
"../../../../../../Users/ruari/Documents/GitHub/ReviveTheHiveRevisited/Content/FirstPerson/FPWeapon/Materials/MaterialLayers/ML_SoftMetal_UE4.uasset" 506
"../../../../../../Users/ruari/Documents/GitHub/ReviveTheHiveRevisited/Content/FirstPerson/FPWeapon/Textures/T_FPGun_M.uasset" 507
"../../../../../../Users/ruari/Documents/GitHub/ReviveTheHiveRevisited/Content/FirstPerson/FPWeapon/Textures/T_FPGun_N.uasset" 508
"../../../../../../Users/ruari/Documents/GitHub/ReviveTheHiveRevisited/Content/FirstPerson/FPWeapon/Materials/M_FPGun.uasset" 509
"../../../../../../Users/ruari/Documents/GitHub/ReviveTheHiveRevisited/Content/FirstPerson/FPWeapon/Mesh/SK_FPGun_Skeleton.uasset" 510
"../../../../../../Users/ruari/Documents/GitHub/ReviveTheHiveRevisited/Content/FirstPerson/FPWeapon/Mesh/SK_FPGun.uasset" 511
"../../../../../../Users/ruari/Documents/GitHub/ReviveTheHiveRevisited/Content/GlobalGameJam/Euan_Import/FirstPersonCharacter.uasset" 512
"../../../../../../Users/ruari/Documents/GitHub/ReviveTheHiveRevisited/Content/GlobalGameJam/Euan_Import/E_Green.uasset" 513
"../../../../../../Users/ruari/Documents/GitHub/ReviveTheHiveRevisited/Content/GlobalGameJam/Euan_Import/E_Red.uasset" 514
"../../../../../../Users/ruari/Documents/GitHub/ReviveTheHiveRevisited/Content/GlobalGameJam/Euan_Import/E_Yellow.uasset" 515
"../../../Engine/Content/BasicShapes/Cube.uasset" 516
"../../../../../../Users/ruari/Documents/GitHub/ReviveTheHiveRevisited/Content/GlobalGameJam/Blueprints/Interaction/RoomInteraction_BP.uasset" 517
"../../../Engine/Content/EngineSky/C_Sky_Cloud_Color.uasset" 518
"../../../Engine/Content/EngineSky/C_Sky_Horizon_Color.uasset" 519
"../../../Engine/Content/EngineSky/C_Sky_Zenith_Color.uasset" 520
"../../../Engine/Content/EngineSky/T_Sky_Blue.uasset" 521
"../../../Engine/Content/EngineSky/T_Sky_Clouds_M.uasset" 522
"../../../Engine/Content/EngineSky/T_Sky_Stars.uasset" 523
"../../../Engine/Content/EngineSky/M_Sky_Panning_Clouds2.uasset" 524
"../../../Engine/Content/EngineSky/SM_SkySphere.uasset" 525
"../../../Engine/Content/EngineSky/BP_Sky_Sphere.uasset" 526
"../../../../../../Users/ruari/Documents/GitHub/ReviveTheHiveRevisited/Content/GlobalGameJam/Main_Level_BuiltData.uasset" 527
"../../../Engine/Content/BasicShapes/BasicShapeMaterial.uasset" 528
"../../../../../../Users/ruari/Documents/GitHub/ReviveTheHiveRevisited/Content/GlobalGameJam/Textures/Chair/Chair_lambert1_BaseColor.uasset" 529
"../../../../../../Users/ruari/Documents/GitHub/ReviveTheHiveRevisited/Content/GlobalGameJam/Textures/Chair/Chair_lambert1_Normal.uasset" 530
"../../../../../../Users/ruari/Documents/GitHub/ReviveTheHiveRevisited/Content/GlobalGameJam/Textures/Chair/Chair_lambert1_OcclusionRoughnessMetallic.uasset" 531
"../../../../../../Users/ruari/Documents/GitHub/ReviveTheHiveRevisited/Content/GlobalGameJam/Textures/Chair/Chair_lambert1_BaseColor_Mat.uasset" 532
"../../../../../../Users/ruari/Documents/GitHub/ReviveTheHiveRevisited/Content/GlobalGameJam/Textures/CockpitScreen/CockpitScreen_lambert1_BaseColor.uasset" 533
"../../../../../../Users/ruari/Documents/GitHub/ReviveTheHiveRevisited/Content/GlobalGameJam/Textures/CockpitScreen/CockpitScreen_lambert1_Normal.uasset" 534
"../../../../../../Users/ruari/Documents/GitHub/ReviveTheHiveRevisited/Content/GlobalGameJam/Textures/CockpitScreen/CockpitScreen_lambert1_OcclusionRoughnessMetallic.uasset" 535
"../../../../../../Users/ruari/Documents/GitHub/ReviveTheHiveRevisited/Content/GlobalGameJam/Textures/CockpitScreen/CockpitScreen_lambert1_BaseColor_Mat.uasset" 536
"../../../../../../Users/ruari/Documents/GitHub/ReviveTheHiveRevisited/Content/GlobalGameJam/Textures/CockpitSideControls/CockpitSideControls_lambert1_BaseColor.uasset" 537
"../../../../../../Users/ruari/Documents/GitHub/ReviveTheHiveRevisited/Content/GlobalGameJam/Textures/CockpitSideControls/CockpitSideControls_lambert1_Normal.uasset" 538
"../../../../../../Users/ruari/Documents/GitHub/ReviveTheHiveRevisited/Content/GlobalGameJam/Textures/CockpitSideControls/CockpitSideControls_lambert1_OcclusionRoughnessMetallic.uasset" 539
"../../../../../../Users/ruari/Documents/GitHub/ReviveTheHiveRevisited/Content/GlobalGameJam/Textures/CockpitSideControls/CockpitSideControls_lambert1_BaseColor_Mat.uasset" 540
"../../../../../../Users/ruari/Documents/GitHub/ReviveTheHiveRevisited/Content/GlobalGameJam/Textures/Consoles/Consoles_lambert1_BaseColor.uasset" 541
"../../../../../../Users/ruari/Documents/GitHub/ReviveTheHiveRevisited/Content/GlobalGameJam/Textures/Consoles/Consoles_lambert1_Normal.uasset" 542
"../../../../../../Users/ruari/Documents/GitHub/ReviveTheHiveRevisited/Content/GlobalGameJam/Textures/Consoles/Consoles_lambert1_OcclusionRoughnessMetallic.uasset" 543
"../../../../../../Users/ruari/Documents/GitHub/ReviveTheHiveRevisited/Content/GlobalGameJam/Textures/Consoles/Consoles_lambert1_BaseColor_Mat.uasset" 544
"../../../../../../Users/ruari/Documents/GitHub/ReviveTheHiveRevisited/Content/GlobalGameJam/Textures/EngineBars/EngineRoomBars_lambert1_BaseColor.uasset" 545
"../../../../../../Users/ruari/Documents/GitHub/ReviveTheHiveRevisited/Content/GlobalGameJam/Textures/EngineBars/EngineRoomBars_lambert1_Normal.uasset" 546
"../../../../../../Users/ruari/Documents/GitHub/ReviveTheHiveRevisited/Content/GlobalGameJam/Textures/EngineBars/EngineRoomBars_lambert1_OcclusionRoughnessMetallic.uasset" 547
"../../../../../../Users/ruari/Documents/GitHub/ReviveTheHiveRevisited/Content/GlobalGameJam/Textures/EngineBars/EngineRoomBars_lambert1_BaseColor_Mat.uasset" 548
"../../../../../../Users/ruari/Documents/GitHub/ReviveTheHiveRevisited/Content/GlobalGameJam/Textures/EngineCoreCages/EngineRoomCoreCages_lambert1_BaseColor.uasset" 549
"../../../../../../Users/ruari/Documents/GitHub/ReviveTheHiveRevisited/Content/GlobalGameJam/Textures/EngineCoreCages/EngineRoomCoreCages_lambert1_Normal.uasset" 550
"../../../../../../Users/ruari/Documents/GitHub/ReviveTheHiveRevisited/Content/GlobalGameJam/Textures/EngineCoreCages/EngineRoomCoreCages_lambert1_OcclusionRoughnessMetallic.uasset" 551
"../../../../../../Users/ruari/Documents/GitHub/ReviveTheHiveRevisited/Content/GlobalGameJam/Textures/EngineCoreCages/EngineRoomCoreCages_lambert1_BaseColor_Mat.uasset" 552
"../../../Engine/Content/Functions/Engine_MaterialFunctions02/Fresnel_Function.uasset" 553
"../../../../../../Users/ruari/Documents/GitHub/ReviveTheHiveRevisited/Content/GlobalGameJam/Textures/Glass.uasset" 554
"../../../../../../Users/ruari/Documents/GitHub/ReviveTheHiveRevisited/Content/GlobalGameJam/Textures/NeonCockpit/NeonCockpit_lambert1_BaseColor.uasset" 555
"../../../../../../Users/ruari/Documents/GitHub/ReviveTheHiveRevisited/Content/GlobalGameJam/Textures/NeonCockpit/NeonCockpit_lambert1_Normal.uasset" 556
"../../../../../../Users/ruari/Documents/GitHub/ReviveTheHiveRevisited/Content/GlobalGameJam/Textures/NeonCockpit/NeonCockpit_lambert1_OcclusionRoughnessMetallic.uasset" 557
"../../../../../../Users/ruari/Documents/GitHub/ReviveTheHiveRevisited/Content/GlobalGameJam/Textures/NeonCockpit/NeonCockpit_lambert1_BaseColor_Mat.uasset" 558
"../../../../../../Users/ruari/Documents/GitHub/ReviveTheHiveRevisited/Content/GlobalGameJam/Textures/NeonConsole/NeonConsoles_lambert1_BaseColor.uasset" 559
"../../../../../../Users/ruari/Documents/GitHub/ReviveTheHiveRevisited/Content/GlobalGameJam/Textures/NeonConsole/NeonConsoles_lambert1_Normal.uasset" 560
"../../../../../../Users/ruari/Documents/GitHub/ReviveTheHiveRevisited/Content/GlobalGameJam/Textures/NeonConsole/NeonConsoles_lambert1_OcclusionRoughnessMetallic.uasset" 561
"../../../../../../Users/ruari/Documents/GitHub/ReviveTheHiveRevisited/Content/GlobalGameJam/Textures/NeonConsole/NeonConsoles_lambert1_BaseColor_Mat.uasset" 562
"../../../../../../Users/ruari/Documents/GitHub/ReviveTheHiveRevisited/Content/GlobalGameJam/Textures/NeonEngineCores/NeonEngineCores_lambert3_BaseColor.uasset" 563
"../../../../../../Users/ruari/Documents/GitHub/ReviveTheHiveRevisited/Content/GlobalGameJam/Textures/NeonEngineCores/NeonEngineCores_lambert3_Normal.uasset" 564
"../../../../../../Users/ruari/Documents/GitHub/ReviveTheHiveRevisited/Content/GlobalGameJam/Textures/NeonEngineCores/NeonEngineCores_lambert3_OcclusionRoughnessMetallic.uasset" 565
"../../../../../../Users/ruari/Documents/GitHub/ReviveTheHiveRevisited/Content/GlobalGameJam/Textures/NeonEngineCores/NeonEngineCores_lambert3_BaseColor_Mat.uasset" 566
"../../../../../../Users/ruari/Documents/GitHub/ReviveTheHiveRevisited/Content/GlobalGameJam/Textures/NeonThrusters/NeonThrusters_lambert1_BaseColor.uasset" 567
"../../../../../../Users/ruari/Documents/GitHub/ReviveTheHiveRevisited/Content/GlobalGameJam/Textures/NeonThrusters/NeonThrusters_lambert1_Normal.uasset" 568
"../../../../../../Users/ruari/Documents/GitHub/ReviveTheHiveRevisited/Content/GlobalGameJam/Textures/NeonThrusters/NeonThrusters_lambert1_OcclusionRoughnessMetallic.uasset" 569
"../../../../../../Users/ruari/Documents/GitHub/ReviveTheHiveRevisited/Content/GlobalGameJam/Textures/NeonThrusters/NeonThrusters_lambert1_BaseColor_Mat.uasset" 570
"../../../../../../Users/ruari/Documents/GitHub/ReviveTheHiveRevisited/Content/GlobalGameJam/Textures/OxygenRoom/OxygenRoom_lambert1_BaseColor.uasset" 571
"../../../../../../Users/ruari/Documents/GitHub/ReviveTheHiveRevisited/Content/GlobalGameJam/Textures/OxygenRoom/OxygenRoom_lambert1_Normal.uasset" 572
"../../../../../../Users/ruari/Documents/GitHub/ReviveTheHiveRevisited/Content/GlobalGameJam/Textures/OxygenRoom/OxygenRoom_lambert1_OcclusionRoughnessMetallic.uasset" 573
"../../../../../../Users/ruari/Documents/GitHub/ReviveTheHiveRevisited/Content/GlobalGameJam/Textures/OxygenRoom/OxygenRoom_lambert1_BaseColor_Mat.uasset" 574
"../../../../../../Users/ruari/Documents/GitHub/ReviveTheHiveRevisited/Content/GlobalGameJam/Textures/OxygenRoomWires/OxygenRoomWires_lambert1_BaseColor.uasset" 575
"../../../../../../Users/ruari/Documents/GitHub/ReviveTheHiveRevisited/Content/GlobalGameJam/Textures/OxygenRoomWires/OxygenRoomWires_lambert1_Normal.uasset" 576
"../../../../../../Users/ruari/Documents/GitHub/ReviveTheHiveRevisited/Content/GlobalGameJam/Textures/OxygenRoomWires/OxygenRoomWires_lambert1_OcclusionRoughnessMetallic.uasset" 577
"../../../../../../Users/ruari/Documents/GitHub/ReviveTheHiveRevisited/Content/GlobalGameJam/Textures/OxygenRoomWires/OxygenRoomWires_lambert1_BaseColor_Mat.uasset" 578
"../../../../../../Users/ruari/Documents/GitHub/ReviveTheHiveRevisited/Content/GlobalGameJam/Textures/PressureRoom/PressureRoom_lambert1_BaseColor.uasset" 579
"../../../../../../Users/ruari/Documents/GitHub/ReviveTheHiveRevisited/Content/GlobalGameJam/Textures/PressureRoom/PressureRoom_lambert1_Normal.uasset" 580
"../../../../../../Users/ruari/Documents/GitHub/ReviveTheHiveRevisited/Content/GlobalGameJam/Textures/PressureRoom/PressureRoom_lambert1_OcclusionRoughnessMetallic.uasset" 581
"../../../../../../Users/ruari/Documents/GitHub/ReviveTheHiveRevisited/Content/GlobalGameJam/Textures/PressureRoom/PressureRoom_lambert1_BaseColor_Mat.uasset" 582
"../../../../../../Users/ruari/Documents/GitHub/ReviveTheHiveRevisited/Content/GlobalGameJam/Textures/PressureRoomWires/PressureRoomWires_lambert1_BaseColor.uasset" 583
"../../../../../../Users/ruari/Documents/GitHub/ReviveTheHiveRevisited/Content/GlobalGameJam/Textures/PressureRoomWires/PressureRoomWires_lambert1_Normal.uasset" 584
"../../../../../../Users/ruari/Documents/GitHub/ReviveTheHiveRevisited/Content/GlobalGameJam/Textures/PressureRoomWires/PressureRoomWires_lambert1_OcclusionRoughnessMetallic.uasset" 585
"../../../../../../Users/ruari/Documents/GitHub/ReviveTheHiveRevisited/Content/GlobalGameJam/Textures/PressureRoomWires/PressureRoomWires_lambert1_BaseColor_Mat.uasset" 586
"../../../../../../Users/ruari/Documents/GitHub/ReviveTheHiveRevisited/Content/GlobalGameJam/Textures/RoundPlanet/RoundPlanet_lambert1_BaseColor.uasset" 587
"../../../../../../Users/ruari/Documents/GitHub/ReviveTheHiveRevisited/Content/GlobalGameJam/Textures/RoundPlanet/RoundPlanet_lambert1_Normal.uasset" 588
"../../../../../../Users/ruari/Documents/GitHub/ReviveTheHiveRevisited/Content/GlobalGameJam/Textures/RoundPlanet/RoundPlanet_lambert1_OcclusionRoughnessMetallic.uasset" 589
"../../../../../../Users/ruari/Documents/GitHub/ReviveTheHiveRevisited/Content/GlobalGameJam/Textures/RoundPlanet/RoundPlanet_lambert1_BaseColor_Mat.uasset" 590
"../../../../../../Users/ruari/Documents/GitHub/ReviveTheHiveRevisited/Content/GlobalGameJam/Textures/SaturnLikePlanet/SaturnLikePlanet_lambert1_BaseColor.uasset" 591
"../../../../../../Users/ruari/Documents/GitHub/ReviveTheHiveRevisited/Content/GlobalGameJam/Textures/SaturnLikePlanet/SaturnLikePlanet_lambert1_Normal.uasset" 592
"../../../../../../Users/ruari/Documents/GitHub/ReviveTheHiveRevisited/Content/GlobalGameJam/Textures/SaturnLikePlanet/SaturnLikePlanet_lambert1_OcclusionRoughnessMetallic.uasset" 593
"../../../../../../Users/ruari/Documents/GitHub/ReviveTheHiveRevisited/Content/GlobalGameJam/Textures/SaturnLikePlanet/SaturnLikePlanet_lambert1_BaseColor_Mat.uasset" 594
"../../../../../../Users/ruari/Documents/GitHub/ReviveTheHiveRevisited/Content/GlobalGameJam/Textures/ShieldCoreStand/ShieldCoreStand_lambert1_BaseColor.uasset" 595
"../../../../../../Users/ruari/Documents/GitHub/ReviveTheHiveRevisited/Content/GlobalGameJam/Textures/ShieldCoreStand/ShieldCoreStand_lambert1_BaseColor_Mat.uasset" 596
"../../../../../../Users/ruari/Documents/GitHub/ReviveTheHiveRevisited/Content/GlobalGameJam/Textures/ShieldWires/ShieldRoomWires_lambert1_BaseColor.uasset" 597
"../../../../../../Users/ruari/Documents/GitHub/ReviveTheHiveRevisited/Content/GlobalGameJam/Textures/ShieldWires/ShieldRoomWires_lambert1_Normal.uasset" 598
"../../../../../../Users/ruari/Documents/GitHub/ReviveTheHiveRevisited/Content/GlobalGameJam/Textures/ShieldWires/ShieldRoomWires_lambert1_OcclusionRoughnessMetallic.uasset" 599
"../../../../../../Users/ruari/Documents/GitHub/ReviveTheHiveRevisited/Content/GlobalGameJam/Textures/ShieldWires/ShieldRoomWires_lambert1_BaseColor_Mat.uasset" 600
"../../../../../../Users/ruari/Documents/GitHub/ReviveTheHiveRevisited/Content/GlobalGameJam/Textures/SpaceShip/ShipMesh_lambert1_BaseColor.uasset" 601
"../../../../../../Users/ruari/Documents/GitHub/ReviveTheHiveRevisited/Content/GlobalGameJam/Textures/SpaceShip/ShipMesh_lambert1_Normal.uasset" 602
"../../../../../../Users/ruari/Documents/GitHub/ReviveTheHiveRevisited/Content/GlobalGameJam/Textures/SpaceShip/ShipMesh_lambert1_OcclusionRoughnessMetallic.uasset" 603
"../../../../../../Users/ruari/Documents/GitHub/ReviveTheHiveRevisited/Content/GlobalGameJam/Textures/SpaceShip/ShipMesh_lambert1_BaseColor_Mat.uasset" 604
"../../../../../../Users/ruari/Documents/GitHub/ReviveTheHiveRevisited/Content/GlobalGameJam/Textures/SteeringWheel/SteeringWheel_lambert1_BaseColor.uasset" 605
"../../../../../../Users/ruari/Documents/GitHub/ReviveTheHiveRevisited/Content/GlobalGameJam/Textures/SteeringWheel/SteeringWheel_lambert1_Normal.uasset" 606
"../../../../../../Users/ruari/Documents/GitHub/ReviveTheHiveRevisited/Content/GlobalGameJam/Textures/SteeringWheel/SteeringWheel_lambert1_OcclusionRoughnessMetallic.uasset" 607
"../../../../../../Users/ruari/Documents/GitHub/ReviveTheHiveRevisited/Content/GlobalGameJam/Textures/SteeringWheel/SteeringWheel_lambert1_BaseColor_Mat.uasset" 608
"../../../../../../Users/ruari/Documents/GitHub/ReviveTheHiveRevisited/Content/GlobalGameJam/Textures/ThrusterRoomColumns/ThrusterRoomColumns_lambert1_BaseColor.uasset" 609
"../../../../../../Users/ruari/Documents/GitHub/ReviveTheHiveRevisited/Content/GlobalGameJam/Textures/ThrusterRoomColumns/ThrusterRoomColumns_lambert1_Normal.uasset" 610
"../../../../../../Users/ruari/Documents/GitHub/ReviveTheHiveRevisited/Content/GlobalGameJam/Textures/ThrusterRoomColumns/ThrusterRoomColumns_lambert1_OcclusionRoughnessMetallic.uasset" 611
"../../../../../../Users/ruari/Documents/GitHub/ReviveTheHiveRevisited/Content/GlobalGameJam/Textures/ThrusterRoomColumns/ThrusterRoomColumns_lambert1_BaseColor_Mat.uasset" 612
"../../../../../../Users/ruari/Documents/GitHub/ReviveTheHiveRevisited/Content/GlobalGameJam/Textures/ThrustersControls/CockpitThrustersControls_lambert1_BaseColor.uasset" 613
"../../../../../../Users/ruari/Documents/GitHub/ReviveTheHiveRevisited/Content/GlobalGameJam/Textures/ThrustersControls/CockpitThrustersControls_lambert1_Normal.uasset" 614
"../../../../../../Users/ruari/Documents/GitHub/ReviveTheHiveRevisited/Content/GlobalGameJam/Textures/ThrustersControls/CockpitThrustersControls_lambert1_OcclusionRoughnessMetallic.uasset" 615
"../../../../../../Users/ruari/Documents/GitHub/ReviveTheHiveRevisited/Content/GlobalGameJam/Textures/ThrustersControls/CockpitThrustersControls_lambert1_BaseColor_Mat.uasset" 616
"../../../../../../Users/ruari/Documents/GitHub/ReviveTheHiveRevisited/Content/GlobalGameJam/Textures/ThrustersRoomPiston/ThrusterRoomPistons_lambert1_BaseColor.uasset" 617
"../../../../../../Users/ruari/Documents/GitHub/ReviveTheHiveRevisited/Content/GlobalGameJam/Textures/ThrustersRoomPiston/ThrusterRoomPistons_lambert1_Normal.uasset" 618
"../../../../../../Users/ruari/Documents/GitHub/ReviveTheHiveRevisited/Content/GlobalGameJam/Textures/ThrustersRoomPiston/ThrusterRoomPistons_lambert1_OcclusionRoughnessMetallic.uasset" 619
"../../../../../../Users/ruari/Documents/GitHub/ReviveTheHiveRevisited/Content/GlobalGameJam/Textures/ThrustersRoomPiston/ThrusterRoomPistons_lambert1_BaseColor_Mat.uasset" 620
"../../../../../../Users/ruari/Documents/GitHub/ReviveTheHiveRevisited/Content/GlobalGameJam/Textures/ThrustersRoomWires/ThrusterRoomWires_lambert1_BaseColor.uasset" 621
"../../../../../../Users/ruari/Documents/GitHub/ReviveTheHiveRevisited/Content/GlobalGameJam/Textures/ThrustersRoomWires/ThrusterRoomWires_lambert1_Normal.uasset" 622
"../../../../../../Users/ruari/Documents/GitHub/ReviveTheHiveRevisited/Content/GlobalGameJam/Textures/ThrustersRoomWires/ThrusterRoomWires_lambert1_OcclusionRoughnessMetallic.uasset" 623
"../../../../../../Users/ruari/Documents/GitHub/ReviveTheHiveRevisited/Content/GlobalGameJam/Textures/ThrustersRoomWires/ThrusterRoomWires_lambert1_BaseColor_Mat.uasset" 624
"../../../../../../Users/ruari/Documents/GitHub/ReviveTheHiveRevisited/Content/GlobalGameJam/Assets/Chair.uasset" 625
"../../../../../../Users/ruari/Documents/GitHub/ReviveTheHiveRevisited/Content/GlobalGameJam/Assets/CockpitScreen.uasset" 626
"../../../../../../Users/ruari/Documents/GitHub/ReviveTheHiveRevisited/Content/GlobalGameJam/Assets/Console.uasset" 627
"../../../../../../Users/ruari/Documents/GitHub/ReviveTheHiveRevisited/Content/GlobalGameJam/Assets/EngineRoomBars.uasset" 628
"../../../../../../Users/ruari/Documents/GitHub/ReviveTheHiveRevisited/Content/GlobalGameJam/Assets/EngineRoomCoreCages.uasset" 629
"../../../../../../Users/ruari/Documents/GitHub/ReviveTheHiveRevisited/Content/GlobalGameJam/Assets/EngineRoomWires.uasset" 630
"../../../../../../Users/ruari/Documents/GitHub/ReviveTheHiveRevisited/Content/GlobalGameJam/Assets/NeonCockpit.uasset" 631
"../../../../../../Users/ruari/Documents/GitHub/ReviveTheHiveRevisited/Content/GlobalGameJam/Assets/NeonConsoles.uasset" 632
"../../../../../../Users/ruari/Documents/GitHub/ReviveTheHiveRevisited/Content/GlobalGameJam/Assets/NeonEngineCores_Core1.uasset" 633
"../../../../../../Users/ruari/Documents/GitHub/ReviveTheHiveRevisited/Content/GlobalGameJam/Assets/NeonEngineCores_Core2.uasset" 634
"../../../../../../Users/ruari/Documents/GitHub/ReviveTheHiveRevisited/Content/GlobalGameJam/Assets/NeonEngineCores_Core3.uasset" 635
"../../../../../../Users/ruari/Documents/GitHub/ReviveTheHiveRevisited/Content/GlobalGameJam/Assets/NeonEngineCores_Core4.uasset" 636
"../../../../../../Users/ruari/Documents/GitHub/ReviveTheHiveRevisited/Content/GlobalGameJam/Assets/NeonEngineCores_Core5.uasset" 637
"../../../../../../Users/ruari/Documents/GitHub/ReviveTheHiveRevisited/Content/GlobalGameJam/Assets/NeonEngineCores_Core6.uasset" 638
"../../../../../../Users/ruari/Documents/GitHub/ReviveTheHiveRevisited/Content/GlobalGameJam/Assets/NeonEngineCores_Core7.uasset" 639
"../../../../../../Users/ruari/Documents/GitHub/ReviveTheHiveRevisited/Content/GlobalGameJam/Assets/NeonEngineCores_Core8.uasset" 640
"../../../../../../Users/ruari/Documents/GitHub/ReviveTheHiveRevisited/Content/GlobalGameJam/Assets/NeonEngines_polySurface1395.uasset" 641
"../../../../../../Users/ruari/Documents/GitHub/ReviveTheHiveRevisited/Content/GlobalGameJam/Assets/NeonThrusters_polySurface786.uasset" 642
"../../../../../../Users/ruari/Documents/GitHub/ReviveTheHiveRevisited/Content/GlobalGameJam/Assets/OxygenRoom_polySurface178.uasset" 643
"../../../../../../Users/ruari/Documents/GitHub/ReviveTheHiveRevisited/Content/GlobalGameJam/Assets/OxygenRoomWires_polySurface184.uasset" 644
"../../../../../../Users/ruari/Documents/GitHub/ReviveTheHiveRevisited/Content/GlobalGameJam/Assets/PressureRoom_pCylinder4.uasset" 645
"../../../../../../Users/ruari/Documents/GitHub/ReviveTheHiveRevisited/Content/GlobalGameJam/Assets/PressureRoomWires_wireShape3.uasset" 646
"../../../../../../Users/ruari/Documents/GitHub/ReviveTheHiveRevisited/Content/GlobalGameJam/Assets/ShieldCore_Core9.uasset" 647
"../../../../../../Users/ruari/Documents/GitHub/ReviveTheHiveRevisited/Content/GlobalGameJam/Assets/lambertTrans.uasset" 648
"../../../../../../Users/ruari/Documents/GitHub/ReviveTheHiveRevisited/Content/GlobalGameJam/Assets/ShieldCoreGlass_Core10.uasset" 649
"../../../../../../Users/ruari/Documents/GitHub/ReviveTheHiveRevisited/Content/GlobalGameJam/Assets/ShieldCoreStand_polySurface1021.uasset" 650
"../../../../../../Users/ruari/Documents/GitHub/ReviveTheHiveRevisited/Content/GlobalGameJam/Assets/ShieldNeon_polySurface1010.uasset" 651
"../../../../../../Users/ruari/Documents/GitHub/ReviveTheHiveRevisited/Content/GlobalGameJam/Assets/ShieldRoomWires_wireShape7.uasset" 652
"../../../../../../Users/ruari/Documents/GitHub/ReviveTheHiveRevisited/Content/GlobalGameJam/Assets/ShipMesh.uasset" 653
"../../../../../../Users/ruari/Documents/GitHub/ReviveTheHiveRevisited/Content/GlobalGameJam/Assets/SideCockPitControls_polySurface121.uasset" 654
"../../../../../../Users/ruari/Documents/GitHub/ReviveTheHiveRevisited/Content/GlobalGameJam/Assets/SteeringWheel_polySurface82.uasset" 655
"../../../../../../Users/ruari/Documents/GitHub/ReviveTheHiveRevisited/Content/GlobalGameJam/Assets/ThrusterRoomColumns_polySurface970.uasset" 656
"../../../../../../Users/ruari/Documents/GitHub/ReviveTheHiveRevisited/Content/GlobalGameJam/Assets/ThrusterRoomPistons_polySurface172.uasset" 657
"../../../../../../Users/ruari/Documents/GitHub/ReviveTheHiveRevisited/Content/GlobalGameJam/Assets/ThrusterRoomPistons_polySurface177.uasset" 658
"../../../../../../Users/ruari/Documents/GitHub/ReviveTheHiveRevisited/Content/GlobalGameJam/Assets/ThrusterRoomWires_wireShape1.uasset" 659
"../../../../../../Users/ruari/Documents/GitHub/ReviveTheHiveRevisited/Content/GlobalGameJam/Assets/ThrustersControls_polySurface67.uasset" 660
"../../../../../../Users/ruari/Documents/GitHub/ReviveTheHiveRevisited/Content/GlobalGameJam/Blueprints/Universal/HUD.uasset" 661
"../../../../../../Users/ruari/Documents/GitHub/ReviveTheHiveRevisited/Content/GlobalGameJam/Prefabs/Modular/45Corner/e/Floor.uasset" 662
"../../../../../../Users/ruari/Documents/GitHub/ReviveTheHiveRevisited/Content/GlobalGameJam/Prefabs/Modular/45Corner/e/InnerWall.uasset" 663
"../../../../../../Users/ruari/Documents/GitHub/ReviveTheHiveRevisited/Content/GlobalGameJam/Prefabs/Modular/45Corner/e/OuterWall.uasset" 664
"../../../../../../Users/ruari/Documents/GitHub/ReviveTheHiveRevisited/Content/GlobalGameJam/Prefabs/Modular/Ceiling/CeilingVar1.uasset" 665
"../../../../../../Users/ruari/Documents/GitHub/ReviveTheHiveRevisited/Content/GlobalGameJam/Prefabs/Modular/Ceiling/CeilingVar4.uasset" 666
"../../../../../../Users/ruari/Documents/GitHub/ReviveTheHiveRevisited/Content/GlobalGameJam/Prefabs/Modular/Floors/lambert1.uasset" 667
"../../../../../../Users/ruari/Documents/GitHub/ReviveTheHiveRevisited/Content/GlobalGameJam/Prefabs/Modular/Floors/FloorVar1.uasset" 668
"../../../../../../Users/ruari/Documents/GitHub/ReviveTheHiveRevisited/Content/GlobalGameJam/Prefabs/Modular/Floors/FloorVar2.uasset" 669
"../../../../../../Users/ruari/Documents/GitHub/ReviveTheHiveRevisited/Content/GlobalGameJam/Prefabs/Modular/Floors/FloorVar3.uasset" 670
"../../../../../../Users/ruari/Documents/GitHub/ReviveTheHiveRevisited/Content/GlobalGameJam/Prefabs/Modular/Floors/FloorVar4.uasset" 671
"../../../../../../Users/ruari/Documents/GitHub/ReviveTheHiveRevisited/Content/GlobalGameJam/Prefabs/Modular/Midwalls/LeftMidWall2.uasset" 672
"../../../../../../Users/ruari/Documents/GitHub/ReviveTheHiveRevisited/Content/GlobalGameJam/Prefabs/Modular/Midwalls/RightMidWall1.uasset" 673
"../../../../../../Users/ruari/Documents/GitHub/ReviveTheHiveRevisited/Content/GlobalGameJam/Prefabs/Modular/Midwalls/RightMidWall2.uasset" 674
"../../../../../../Users/ruari/Documents/GitHub/ReviveTheHiveRevisited/Content/GlobalGameJam/Prefabs/Modular/Objects/HallwayCablesLeft.uasset" 675
"../../../../../../Users/ruari/Documents/GitHub/ReviveTheHiveRevisited/Content/GlobalGameJam/Prefabs/Modular/Objects/HalwayObjVar1Left.uasset" 676
"../../../../../../Users/ruari/Documents/GitHub/ReviveTheHiveRevisited/Content/GlobalGameJam/Prefabs/Modular/Objects/Light.uasset" 677
"../../../../../../Users/ruari/Documents/GitHub/ReviveTheHiveRevisited/Content/GlobalGameJam/Prefabs/Modular/Objects/WallObject4Right.uasset" 678
"../../../../../../Users/ruari/Documents/GitHub/ReviveTheHiveRevisited/Content/GlobalGameJam/Prefabs/Modular/RoomWalls/Ending.uasset" 679
"../../../../../../Users/ruari/Documents/GitHub/ReviveTheHiveRevisited/Content/GlobalGameJam/Prefabs/Modular/RoomWalls/LeftCloseOff.uasset" 680
"../../../../../../Users/ruari/Documents/GitHub/ReviveTheHiveRevisited/Content/GlobalGameJam/Prefabs/Modular/RoomWalls/OpeningLeft.uasset" 681
"../../../../../../Users/ruari/Documents/GitHub/ReviveTheHiveRevisited/Content/GlobalGameJam/Prefabs/Modular/RoomWalls/OpeningRight.uasset" 682
"../../../../../../Users/ruari/Documents/GitHub/ReviveTheHiveRevisited/Content/GlobalGameJam/Prefabs/Modular/RoomWalls/RightCloseOff.uasset" 683
"../../../../../../Users/ruari/Documents/GitHub/ReviveTheHiveRevisited/Content/GlobalGameJam/Prefabs/Modular/Walls/LeftVar1.uasset" 684
"../../../../../../Users/ruari/Documents/GitHub/ReviveTheHiveRevisited/Content/GlobalGameJam/Prefabs/Modular/Walls/LeftVar2.uasset" 685
"../../../../../../Users/ruari/Documents/GitHub/ReviveTheHiveRevisited/Content/GlobalGameJam/Prefabs/Modular/Walls/LeftVar3Window.uasset" 686
"../../../../../../Users/ruari/Documents/GitHub/ReviveTheHiveRevisited/Content/GlobalGameJam/Prefabs/Modular/Walls/LeftVar4.uasset" 687
"../../../../../../Users/ruari/Documents/GitHub/ReviveTheHiveRevisited/Content/GlobalGameJam/Prefabs/Modular/Walls/RightVar1.uasset" 688
"../../../../../../Users/ruari/Documents/GitHub/ReviveTheHiveRevisited/Content/GlobalGameJam/Prefabs/Modular/Walls/RightVar4.uasset" 689
"../../../../../../Users/ruari/Documents/GitHub/ReviveTheHiveRevisited/Content/GlobalGameJam/Textures/RoundPlanet/lambert1.uasset" 690
"../../../../../../Users/ruari/Documents/GitHub/ReviveTheHiveRevisited/Content/GlobalGameJam/Textures/RoundPlanet/RoundPlanet.uasset" 691
"../../../../../../Users/ruari/Documents/GitHub/ReviveTheHiveRevisited/Content/GlobalGameJam/Textures/SaturnLikePlanet/lambert1.uasset" 692
"../../../../../../Users/ruari/Documents/GitHub/ReviveTheHiveRevisited/Content/GlobalGameJam/Textures/SaturnLikePlanet/SaturnLikePlanet.uasset" 693
"../../../../../../Users/ruari/Documents/GitHub/ReviveTheHiveRevisited/Content/GlobalGameJam/Main_Level.umap" 694
"../../../../../../Users/ruari/Documents/GitHub/ReviveTheHiveRevisited/Content/GlobalGameJam/GameModes/MenuGameMode.uasset" 695
"../../../../../../Users/ruari/Documents/GitHub/ReviveTheHiveRevisited/Content/GlobalGameJam/Main_Menu_BuiltData.uasset" 696
"../../../../../../Users/ruari/Documents/GitHub/ReviveTheHiveRevisited/Content/GlobalGameJam/Blueprints/MainMenu/ReviveTheHiveWithoutBG.uasset" 697
"../../../../../../Users/ruari/Documents/GitHub/ReviveTheHiveRevisited/Content/GlobalGameJam/Blueprints/MainMenu/MainMenu.uasset" 698
"../../../../../../Users/ruari/Documents/GitHub/ReviveTheHiveRevisited/Content/GlobalGameJam/Main_Menu.umap" 699
"../../../../../../Users/ruari/Documents/GitHub/ReviveTheHiveRevisited/Content/GlobalGameJam/Blueprints/WinScreen/WinScreen.uasset" 700
"../../../../../../Users/ruari/Documents/GitHub/ReviveTheHiveRevisited/Content/GlobalGameJam/Win_Level.umap" 701
"../../../Engine/Content/Maps/Entry_BuiltData.uasset" 702
"../../../Engine/Content/Maps/Entry.umap" 703
